Start Model Run At  Wed Mar 4 17:52:00 CST 2026
Compiler is set to gcc
set WORKDIR = /projects/b1045/rcs_support/wrf-cmaq/WRF_DIR/work_dir/WRFv451_CMAQv55/CCTM/scripts
set WRF_DIR = /projects/b1045/rcs_support/wrf-cmaq/WRF_DIR/work_dir/WRFv451_CMAQv55/CCTM/scripts/BLD_WRFrelease-v4.5.1_CCTM_v55_gcc_main
set INPDIR = /projects/b1045/rcs_support/wrf-cmaq/WRF_DIR/work_dir/WRFv451_CMAQv55/data/202301_baseline_d02
set OUTPUT_ROOT = /projects/b1045/rcs_support/wrf-cmaq/WRF_DIR/work_dir/WRFv451_CMAQv55/CCTM/scripts
set output_direct_name = WRFCMAQ-BASE_202301_D02-sw_feedback
setenv OUTDIR /projects/b1045/rcs_support/wrf-cmaq/WRF_DIR/work_dir/WRFv451_CMAQv55/CCTM/scripts/WRFCMAQ-BASE_202301_D02-sw_feedback
set NMLpath = /projects/b1045/rcs_support/wrf-cmaq/WRF_DIR/work_dir/WRFv451_CMAQv55/CCTM/scripts/BLD_WRFrelease-v4.5.1_CCTM_v55_gcc_main/cmaq
echo 

echo Working Directory is /projects/b1045/rcs_support/wrf-cmaq/WRF_DIR/work_dir/WRFv451_CMAQv55/CCTM/scripts
Working Directory is /projects/b1045/rcs_support/wrf-cmaq/WRF_DIR/work_dir/WRFv451_CMAQv55/CCTM/scripts
echo Output Root Directory is /projects/b1045/rcs_support/wrf-cmaq/WRF_DIR/work_dir/WRFv451_CMAQv55/CCTM/scripts
Output Root Directory is /projects/b1045/rcs_support/wrf-cmaq/WRF_DIR/work_dir/WRFv451_CMAQv55/CCTM/scripts
echo Executable Name is wrf.exe
Executable Name is wrf.exe
setenv NEW_START FALSE
set START_DATE = 2023-01-01
set END_DATE = 2023-02-02
set STTIME = 000000
set NSTEPS = 240000
set TSTEP = 010000
set resolution = 4000
set wrf_cmaq_option = 3
set direct_sw_feedback = .true.
set wrf_cmaq_freq = 5
set cont_from_spinup_run = T
set wrf_tstep = 20
set NUM_LAND_USE_TYPE = 40
set radt = 20
set met_file_tstep = 10000
set ltg_assim = .false.
set suppress_opt = 0
setenv CTM_LTNG_OPTION 0
setenv verbose_rdbcon T
if ( 2592133direct_sw_feedback == .true. ) then
set feedback = nf
endif
set CLOBBER_DATA = TRUE
setenv PRINT_PROC_TIME Y
setenv STDOUT T
setenv GRID_NAME ChicagoLADCO_d02
setenv GRIDDESC /projects/b1045/rcs_support/wrf-cmaq/output/Chicago_LADCO/mcip_output/daily/ChicagoLADCO_202301_d02/GRIDDESC
setenv WRF_COL_DIM 445
setenv WRF_ROW_DIM 421
setenv WRF_LAY_DIM 36
setenv CMAQ_COL_DIM 432
setenv CMAQ_ROW_DIM 408
setenv TWOWAY_DELTA_X 6
setenv TWOWAY_DELTA_Y 6
setenv WRF_LC_REF_LAT 40.0
if ( ! -e /projects/b1045/rcs_support/wrf-cmaq/WRF_DIR/work_dir/WRFv451_CMAQv55/CCTM/scripts/WRFCMAQ-BASE_202301_D02-sw_feedback ) then
@ second = 000000 % 100
@ minute = ( 000000 / 100 ) % 100
@ hour = 000000 / 10000
set wrf_sttime = `date -ud "$hour":"$minute":"$second" +%H:%M:%S`
date -ud 0:0:0 +%H:%M:%S
set wrf_hr = 240000
@ wrf_sec = 240000 % 100
@ wrf_min = ( 240000 / 100 ) % 100
@ wrf_hr = 240000 / 10000
@ wrf_restart_interval = 0 + ( 24 * 60 )
setenv CONC_SPCS ALL
setenv AVG_CONC_SPCS ALL
setenv ACONC_BLEV_ELEV  1 1
setenv AVG_FILE_ENDTIME N
setenv CTM_MAXSYNC 100
setenv CTM_MINSYNC 1
setenv SIGMA_SYNC_TOP 0.7
setenv CTM_ADV_CFL 0.95
setenv CTM_OCEAN_CHEM Y
setenv CTM_WB_DUST Y
setenv CTM_LTNG_NO Y
setenv KZMIN Y
setenv PX_VERSION Y
setenv CLM_VERSION N
setenv NOAH_VERSION N
setenv CTM_ABFLUX N
setenv CTM_BIDI_FERT_NH3 T
setenv CTM_HGBIDI N
setenv CTM_SFC_HONO Y
setenv CTM_GRAV_SETL Y
setenv CTM_PVO3 N
setenv CTM_BIOGEMIS_BE Y
setenv CTM_BIOGEMIS_MG N
setenv BDSNP_MEGAN N
setenv AEROSOL_OPTICS 5
setenv CTM_TURN_ON_PV N
setenv CTM_MOSAIC N
setenv CTM_STAGE_P22 Y
setenv CTM_STAGE_E20 N
setenv CTM_STAGE_S22 N
setenv IC_AERO_M2WET F
setenv BC_AERO_M2WET F
setenv IC_AERO_M2USE F
setenv BC_AERO_M2USE F
setenv VERTEXT N
setenv IOAPI_LOG_WRITE F
setenv FL_ERR_STOP N
setenv PROMPTFLAG F
setenv IOAPI_OFFSET_64 TRUE
setenv IOAPI_CHECK_HEADERS N
setenv CTM_EMISCHK Y
setenv CTM_CKSUM Y
setenv CLD_DIAG N
setenv CTM_PHOTDIAG N
setenv CTM_SSEMDIAG N
setenv CTM_DUSTEM_DIAG N
setenv CTM_DEPV_FILE N
setenv VDIFF_DIAG_FILE N
setenv LTNGDIAG Y
setenv B3GTS_DIAG Y
setenv CTM_WVEL Y
setenv SD_TIME_SERIES F
setenv FILE_TIME_STEP 10000
set ICpath = /projects/b1045/rcs_support/wrf-cmaq/WRF_DIR/work_dir/WRFv451_CMAQv55/data/202301_baseline_d02/icbc
set BCpath = /projects/b1045/rcs_support/wrf-cmaq/WRF_DIR/work_dir/WRFv451_CMAQv55/data/202301_baseline_d02/icbc
set EMISpath = /projects/b1045/rcs_support/wrf-cmaq/WRF_DIR/work_dir/WRFv451_CMAQv55/data/202301_baseline_d02/emis
set IN_PTpath = /projects/b1045/rcs_support/wrf-cmaq/WRF_DIR/work_dir/WRFv451_CMAQv55/data/202301_baseline_d02/emis
set IN_LTpath = /projects/b1045/rcs_support/wrf-cmaq/WRF_DIR/work_dir/WRFv451_CMAQv55/data/202301_baseline_d02/emis/lightning
set METpath = /projects/b1045/rcs_support/wrf-cmaq/WRF_DIR/work_dir/WRFv451_CMAQv55/data/202301_baseline_d02/met/wrfv4.5.1_inputs
set OMIpath = /projects/b1045/rcs_support/wrf-cmaq/WRF_DIR/work_dir/WRFv451_CMAQv55/CCTM/scripts/BLD_WRFrelease-v4.5.1_CCTM_v55_gcc_main/cmaq
set EPICpath = /projects/b1045/rcs_support/wrf-cmaq/WRF_DIR/work_dir/WRFv451_CMAQv55/data/202301_baseline_d02/epic
set SZpath = /projects/b1045/rcs_support/wrf-cmaq/WRF_DIR/work_dir/WRFv451_CMAQv55/data/202301_baseline_d02/surface
set rtarray = 
set TODAYG = 2023-01-01
set TODAYJ = `date -ud "${START_DATE}" +%Y%j`
date -ud 2023-01-01 +%Y%j
set START_DAY = 2023001
set STOP_DAY = `date -ud "${END_DATE}" +%Y%j`
date -ud 2023-02-02 +%Y%j
set NDAYS = 0
while ( 2023001 < = 2023033 )
set NDAYS = `echo "${NDAYS} + 1" | bc -l`
bc -l
echo 0 + 1
set YYYYMMDD = `date -ud "${TODAYG}" +%Y%m%d`
date -ud 2023-01-01 +%Y%m%d
set YYYYMMDD_2 = `date -ud "${YYYYMMDD}" +%Y-%m-%d`
date -ud 20230101 +%Y-%m-%d
set YYYYMM = `date -ud "${TODAYG}" +%Y%m`
date -ud 2023-01-01 +%Y%m
set YYMMDD = `date -ud "${TODAYG}" +%y%m%d`
date -ud 2023-01-01 +%y%m%d
set YYYYJJJ = 2023001
set YESTERDAY = `date -ud "${TODAYG}-1days" +%Y%m%d`
date -ud 2023-01-01-1days +%Y%m%d
echo 

echo Set up input and output files for Day 2023-01-01.
Set up input and output files for Day 2023-01-01.
setenv CTM_APPL 4.5.155_BASE_202301_D02_20230101
setenv CTM_APPL_yesterday 4.5.155_BASE_202301_D02_20221231
if ( ! -d /projects/b1045/rcs_support/wrf-cmaq/WRF_DIR/work_dir/WRFv451_CMAQv55/CCTM/scripts/WRFCMAQ-BASE_202301_D02-sw_feedback ) mkdir -p /projects/b1045/rcs_support/wrf-cmaq/WRF_DIR/work_dir/WRFv451_CMAQv55/CCTM/scripts/WRFCMAQ-BASE_202301_D02-sw_feedback
if ( FALSE == true || FALSE == TRUE ) then
set ICpath = /projects/b1045/rcs_support/wrf-cmaq/WRF_DIR/work_dir/WRFv451_CMAQv55/CCTM/scripts/WRFCMAQ-BASE_202301_D02-sw_feedback
setenv ICFILE CCTM_CGRID_4.5.155_BASE_202301_D02_20221231.nc
setenv INIT_MEDC_1 /projects/b1045/rcs_support/wrf-cmaq/WRF_DIR/work_dir/WRFv451_CMAQv55/CCTM/scripts/WRFCMAQ-BASE_202301_D02-sw_feedback/CCTM_MEDIA_CONC_4.5.155_BASE_202301_D02_20221231.nc
setenv WRF_RSTFLAG .true.
set feedback_restart = .true.
set pxlsm_smois_init = 0
endif
set BCFILE = BCON.20230101.4CHICAGOD2.base2023_rxeqemis.12US1CMAQ55.ncf
set OMIfile = OMI_1979_to_2019.dat
set OPTfile = PHOT_OPTICS.dat
setenv GRID_BDY_2D BUFFERED
setenv GRID_CRO_2D BUFFERED
setenv GRID_CRO_3D BUFFERED
setenv GRID_DOT_2D BUFFERED
setenv MET_CRO_2D BUFFERED
setenv MET_CRO_3D BUFFERED
setenv MET_DOT_3D BUFFERED
setenv MET_BDY_3D BUFFERED
setenv DESID_CTRL_NML /projects/b1045/rcs_support/wrf-cmaq/WRF_DIR/work_dir/WRFv451_CMAQv55/CCTM/scripts/BLD_WRFrelease-v4.5.1_CCTM_v55_gcc_main/cmaq/CMAQ_Control_DESID.nml
setenv DESID_CHEM_CTRL_NML /projects/b1045/rcs_support/wrf-cmaq/WRF_DIR/work_dir/WRFv451_CMAQv55/CCTM/scripts/BLD_WRFrelease-v4.5.1_CCTM_v55_gcc_main/cmaq/CMAQ_Control_DESID_cb6r3_ae7_aq.nml
setenv MISC_CTRL_NML /projects/b1045/rcs_support/wrf-cmaq/WRF_DIR/work_dir/WRFv451_CMAQv55/CCTM/scripts/BLD_WRFrelease-v4.5.1_CCTM_v55_gcc_main/cmaq/CMAQ_Control_Misc.nml
setenv STAGECTRL_NML /projects/b1045/rcs_support/wrf-cmaq/WRF_DIR/work_dir/WRFv451_CMAQv55/CCTM/scripts/BLD_WRFrelease-v4.5.1_CCTM_v55_gcc_main/cmaq/CMAQ_Control_STAGE.nml
setenv CMAQ_MASKS /projects/b1045/rcs_support/wrf-cmaq/WRF_DIR/work_dir/WRFv451_CMAQv55/data/202301_baseline_d02/surface/OCEAN_12_L3m_MC_CHL_chlor_ChicagoLADCO_d02_windowed_from_12US1.ncf3
setenv N_EMIS_GR 1
set EMISfile = emis_mole_all_20230101_ChicagoLADCO_d02_nobeis_withrwc_2022hc_cb6_22m.ncf
setenv GR_EMIS_001 /projects/b1045/rcs_support/wrf-cmaq/WRF_DIR/work_dir/WRFv451_CMAQv55/data/202301_baseline_d02/emis/emis_mole_all_20230101_ChicagoLADCO_d02_nobeis_withrwc_2022hc_cb6_22m.ncf
setenv GR_EMIS_LAB_001 GRIDDED_EMIS
setenv GR_EM_SYM_DATE_001 F
setenv N_EMIS_PT 8
set STKCASEG = ChicagoLADCO_d02_2022hc_cb6_22m
set STKCASEE = ChicagoLADCO_d02_cmaq_cb6ae7_2022hc_cb6_22m
setenv STK_GRPS_001 /projects/b1045/rcs_support/wrf-cmaq/WRF_DIR/work_dir/WRFv451_CMAQv55/data/202301_baseline_d02/emis/stack_groups_ptnonipm_ChicagoLADCO_d02_2022hc_cb6_22m.ncf
setenv STK_GRPS_002 /projects/b1045/rcs_support/wrf-cmaq/WRF_DIR/work_dir/WRFv451_CMAQv55/data/202301_baseline_d02/emis/stack_groups_ptegu_ChicagoLADCO_d02_2022hc_cb6_22m.ncf
setenv STK_GRPS_003 /projects/b1045/rcs_support/wrf-cmaq/WRF_DIR/work_dir/WRFv451_CMAQv55/data/202301_baseline_d02/emis/stack_groups_ptagfire_20230101_ChicagoLADCO_d02_2022hc_cb6_22m.ncf
setenv STK_GRPS_004 /projects/b1045/rcs_support/wrf-cmaq/WRF_DIR/work_dir/WRFv451_CMAQv55/data/202301_baseline_d02/emis/stack_groups_ptfire-rx_20230101_ChicagoLADCO_d02_2022hc_cb6_22m.ncf
setenv STK_GRPS_005 /projects/b1045/rcs_support/wrf-cmaq/WRF_DIR/work_dir/WRFv451_CMAQv55/data/202301_baseline_d02/emis/stack_groups_ptfire_othna_20230101_ChicagoLADCO_d02_2022hc_cb6_22m.ncf
setenv STK_GRPS_006 /projects/b1045/rcs_support/wrf-cmaq/WRF_DIR/work_dir/WRFv451_CMAQv55/data/202301_baseline_d02/emis/stack_groups_pt_oilgas_ChicagoLADCO_d02_2022hc_cb6_22m.ncf
setenv STK_GRPS_007 /projects/b1045/rcs_support/wrf-cmaq/WRF_DIR/work_dir/WRFv451_CMAQv55/data/202301_baseline_d02/emis/stack_groups_cmv_c3_12_ChicagoLADCO_d02_2022hc_cb6_22m.ncf
setenv STK_GRPS_008 /projects/b1045/rcs_support/wrf-cmaq/WRF_DIR/work_dir/WRFv451_CMAQv55/data/202301_baseline_d02/emis/stack_groups_cmv_c1c2_12_ChicagoLADCO_d02_2022hc_cb6_22m.ncf
setenv grpIX 5
set iday = `awk -F',' -v d=${YYYYMMDD} -v c=${grpIX} '$1 == d {gsub(/^[ \t]+|[ \t]+$/, "", $c); print $c}' ${EMISpath}/mergedates/smk_merge_dates_${YYYYMM}.txt`
awk -F, -v d=20230101 -v c=5 $1 == d {gsub(/^[ \t]+|[ \t]+$/, "", $c); print $c} /projects/b1045/rcs_support/wrf-cmaq/WRF_DIR/work_dir/WRFv451_CMAQv55/data/202301_baseline_d02/emis/mergedates/smk_merge_dates_202301.txt
setenv STK_EMIS_001 /projects/b1045/rcs_support/wrf-cmaq/WRF_DIR/work_dir/WRFv451_CMAQv55/data/202301_baseline_d02/emis/inln_mole_ptnonipm_20230101_ChicagoLADCO_d02_cmaq_cb6ae7_2022hc_cb6_22m.ncf
setenv STK_EMIS_002 /projects/b1045/rcs_support/wrf-cmaq/WRF_DIR/work_dir/WRFv451_CMAQv55/data/202301_baseline_d02/emis/inln_mole_ptegu_20230101_ChicagoLADCO_d02_cmaq_cb6ae7_2022hc_cb6_22m.ncf
setenv STK_EMIS_003 /projects/b1045/rcs_support/wrf-cmaq/WRF_DIR/work_dir/WRFv451_CMAQv55/data/202301_baseline_d02/emis/inln_mole_ptagfire_20230101_ChicagoLADCO_d02_cmaq_cb6ae7_2022hc_cb6_22m.ncf
setenv STK_EMIS_004 /projects/b1045/rcs_support/wrf-cmaq/WRF_DIR/work_dir/WRFv451_CMAQv55/data/202301_baseline_d02/emis/inln_mole_ptfire-rx_20230101_ChicagoLADCO_d02_cmaq_cb6ae7_2022hc_cb6_22m.ncf
setenv STK_EMIS_005 /projects/b1045/rcs_support/wrf-cmaq/WRF_DIR/work_dir/WRFv451_CMAQv55/data/202301_baseline_d02/emis/inln_mole_ptfire_othna_20230101_ChicagoLADCO_d02_cmaq_cb6ae7_2022hc_cb6_22m.ncf
setenv STK_EMIS_006 /projects/b1045/rcs_support/wrf-cmaq/WRF_DIR/work_dir/WRFv451_CMAQv55/data/202301_baseline_d02/emis/inln_mole_pt_oilgas_20230101_ChicagoLADCO_d02_cmaq_cb6ae7_2022hc_cb6_22m.ncf
setenv STK_EMIS_007 /projects/b1045/rcs_support/wrf-cmaq/WRF_DIR/work_dir/WRFv451_CMAQv55/data/202301_baseline_d02/emis/inln_mole_cmv_c3_12_20230101_ChicagoLADCO_d02_cmaq_cb6ae7_2022hc_cb6_22m.ncf
setenv STK_EMIS_008 /projects/b1045/rcs_support/wrf-cmaq/WRF_DIR/work_dir/WRFv451_CMAQv55/data/202301_baseline_d02/emis/inln_mole_cmv_c1c2_12_20230101_ChicagoLADCO_d02_cmaq_cb6ae7_2022hc_cb6_22m.ncf
setenv STK_EMIS_LAB_001 PT_NONEGU
setenv STK_EMIS_LAB_002 PT_EGU
setenv STK_EMIS_LAB_003 PT_AGFIRES
setenv STK_EMIS_LAB_004 PT_RXFIRES
setenv STK_EMIS_LAB_005 PT_OTHFIRES
setenv STK_EMIS_LAB_006 PT_OILGAS
setenv STK_EMIS_LAB_007 PT_CMV_C3
setenv STK_EMIS_LAB_008 PT_CMV_C1C2
setenv STK_EM_SYM_DATE_001 T
setenv STK_EM_SYM_DATE_002 F
setenv STK_EM_SYM_DATE_003 F
setenv STK_EM_SYM_DATE_004 F
setenv STK_EM_SYM_DATE_005 F
setenv STK_EM_SYM_DATE_006 T
setenv STK_EM_SYM_DATE_007 F
setenv STK_EM_SYM_DATE_008 F
if ( Y == Y ) then
setenv LTNGNO InLine
setenv USE_NLDN N
if ( N == Y ) then
setenv LTNGPARMS_FILE /projects/b1045/rcs_support/wrf-cmaq/WRF_DIR/work_dir/WRFv451_CMAQv55/data/202301_baseline_d02/emis/lightning/LTNG_AllParms_ChicagoLADCO_d02_20230708_windowed_from_12US1.ncf
endif
if ( Y == Y ) then
set IN_BEISpath = /projects/b1045/rcs_support/wrf-cmaq/WRF_DIR/work_dir/WRFv451_CMAQv55/data/202301_baseline_d02/surface
setenv GSPRO /projects/b1045/rcs_support/wrf-cmaq/WRF_DIR/work_dir/WRFv451_CMAQv55/CCTM/scripts/BLD_WRFrelease-v4.5.1_CCTM_v55_gcc_main/cmaq/gspro_biogenics.txt
setenv BEIS_NORM_EMIS /projects/b1045/rcs_support/wrf-cmaq/WRF_DIR/work_dir/WRFv451_CMAQv55/data/202301_baseline_d02/surface/beis4_beld6_norm_emis_ChicagoLADCO_d02_windowed.ncf
setenv BIOG_SPRO B10C6AE7
setenv BEIS_SOILINP /projects/b1045/rcs_support/wrf-cmaq/WRF_DIR/work_dir/WRFv451_CMAQv55/CCTM/scripts/WRFCMAQ-BASE_202301_D02-sw_feedback/CCTM_BSOILOUT_4.5.155_BASE_202301_D02_20221231.nc
endif
if ( N == Y ) then
setenv OCEAN_1 /projects/b1045/rcs_support/wrf-cmaq/WRF_DIR/work_dir/WRFv451_CMAQv55/data/202301_baseline_d02/surface/OCEAN_12_L3m_MC_CHL_chlor_ChicagoLADCO_d02_windowed_from_12US1.ncf3
if ( N == Y ) then
setenv CTM_PROCAN N
if ( 1 ) then
if ( N == Y || N == T ) then
endif
setenv CTM_ISAM N
if ( 1 ) then
if ( N == Y || N == T ) then
endif
setenv STM_SO4TRACK N
if ( 1 ) then
if ( N == Y || N == T ) then
endif
setenv CTM_DDM3D N
set NPMAX = 1
setenv SEN_INPUT /projects/b1045/rcs_support/wrf-cmaq/WRF_DIR/work_dir/WRFv451_CMAQv55/CCTM/scripts/sensinput.dat
setenv DDM3D_HIGH N
if ( FALSE == true || FALSE == TRUE ) then
setenv DDM3D_RST Y
set S_ICpath = /projects/b1045/rcs_support/wrf-cmaq/WRF_DIR/work_dir/WRFv451_CMAQv55/CCTM/scripts/WRFCMAQ-BASE_202301_D02-sw_feedback
set S_ICfile = CCTM_SENGRID_4.5.155_BASE_202301_D02_20221231.nc
endif
setenv CTM_NPMAX 1
setenv CTM_SENS_1 /projects/b1045/rcs_support/wrf-cmaq/WRF_DIR/work_dir/WRFv451_CMAQv55/CCTM/scripts/WRFCMAQ-BASE_202301_D02-sw_feedback/CCTM_SENGRID_4.5.155_BASE_202301_D02_20230101.nc -v
setenv A_SENS_1 /projects/b1045/rcs_support/wrf-cmaq/WRF_DIR/work_dir/WRFv451_CMAQv55/CCTM/scripts/WRFCMAQ-BASE_202301_D02-sw_feedback/CCTM_ASENS_4.5.155_BASE_202301_D02_20230101.nc -v
setenv CTM_SWETDEP_1 /projects/b1045/rcs_support/wrf-cmaq/WRF_DIR/work_dir/WRFv451_CMAQv55/CCTM/scripts/WRFCMAQ-BASE_202301_D02-sw_feedback/CCTM_SENWDEP_4.5.155_BASE_202301_D02_20230101.nc -v
setenv CTM_SDRYDEP_1 /projects/b1045/rcs_support/wrf-cmaq/WRF_DIR/work_dir/WRFv451_CMAQv55/CCTM/scripts/WRFCMAQ-BASE_202301_D02-sw_feedback/CCTM_SENDDEP_4.5.155_BASE_202301_D02_20230101.nc -v
setenv INIT_SENS_1 /projects/b1045/rcs_support/wrf-cmaq/WRF_DIR/work_dir/WRFv451_CMAQv55/CCTM/scripts/WRFCMAQ-BASE_202301_D02-sw_feedback/CCTM_SENGRID_4.5.155_BASE_202301_D02_20221231.nc
setenv S_CGRID /projects/b1045/rcs_support/wrf-cmaq/WRF_DIR/work_dir/WRFv451_CMAQv55/CCTM/scripts/WRFCMAQ-BASE_202301_D02-sw_feedback/CCTM_CGRID_4.5.155_BASE_202301_D02_20230101.nc
setenv CTM_CONC_1 /projects/b1045/rcs_support/wrf-cmaq/WRF_DIR/work_dir/WRFv451_CMAQv55/CCTM/scripts/WRFCMAQ-BASE_202301_D02-sw_feedback/CCTM_CONC_4.5.155_BASE_202301_D02_20230101.nc -v
setenv A_CONC_1 /projects/b1045/rcs_support/wrf-cmaq/WRF_DIR/work_dir/WRFv451_CMAQv55/CCTM/scripts/WRFCMAQ-BASE_202301_D02-sw_feedback/CCTM_ACONC_4.5.155_BASE_202301_D02_20230101.nc -v
setenv MEDIA_CONC /projects/b1045/rcs_support/wrf-cmaq/WRF_DIR/work_dir/WRFv451_CMAQv55/CCTM/scripts/WRFCMAQ-BASE_202301_D02-sw_feedback/CCTM_MEDIA_CONC_4.5.155_BASE_202301_D02_20230101.nc -v
setenv CTM_DRY_DEP_1 /projects/b1045/rcs_support/wrf-cmaq/WRF_DIR/work_dir/WRFv451_CMAQv55/CCTM/scripts/WRFCMAQ-BASE_202301_D02-sw_feedback/CCTM_DRYDEP_4.5.155_BASE_202301_D02_20230101.nc -v
setenv CTM_DEPV_DIAG /projects/b1045/rcs_support/wrf-cmaq/WRF_DIR/work_dir/WRFv451_CMAQv55/CCTM/scripts/WRFCMAQ-BASE_202301_D02-sw_feedback/CCTM_DEPV_4.5.155_BASE_202301_D02_20230101.nc -v
setenv B3GTS_S /projects/b1045/rcs_support/wrf-cmaq/WRF_DIR/work_dir/WRFv451_CMAQv55/CCTM/scripts/WRFCMAQ-BASE_202301_D02-sw_feedback/CCTM_B3GTS_S_4.5.155_BASE_202301_D02_20230101.nc -v
setenv BEIS_SOILOUT /projects/b1045/rcs_support/wrf-cmaq/WRF_DIR/work_dir/WRFv451_CMAQv55/CCTM/scripts/WRFCMAQ-BASE_202301_D02-sw_feedback/CCTM_BSOILOUT_4.5.155_BASE_202301_D02_20230101.nc
setenv MEGAN_SOILOUT /projects/b1045/rcs_support/wrf-cmaq/WRF_DIR/work_dir/WRFv451_CMAQv55/CCTM/scripts/WRFCMAQ-BASE_202301_D02-sw_feedback/CCTM_MSOILOUT_4.5.155_BASE_202301_D02_20230101.nc
setenv BDSNPOUT /projects/b1045/rcs_support/wrf-cmaq/WRF_DIR/work_dir/WRFv451_CMAQv55/CCTM/scripts/WRFCMAQ-BASE_202301_D02-sw_feedback/CCTM_BDSNPOUT_4.5.155_BASE_202301_D02_20230101.nc
setenv CTM_WET_DEP_1 /projects/b1045/rcs_support/wrf-cmaq/WRF_DIR/work_dir/WRFv451_CMAQv55/CCTM/scripts/WRFCMAQ-BASE_202301_D02-sw_feedback/CCTM_WETDEP1_4.5.155_BASE_202301_D02_20230101.nc -v
setenv CTM_WET_DEP_2 /projects/b1045/rcs_support/wrf-cmaq/WRF_DIR/work_dir/WRFv451_CMAQv55/CCTM/scripts/WRFCMAQ-BASE_202301_D02-sw_feedback/CCTM_WETDEP2_4.5.155_BASE_202301_D02_20230101.nc -v
setenv CTM_ELMO_1 /projects/b1045/rcs_support/wrf-cmaq/WRF_DIR/work_dir/WRFv451_CMAQv55/CCTM/scripts/WRFCMAQ-BASE_202301_D02-sw_feedback/CCTM_ELMO_4.5.155_BASE_202301_D02_20230101.nc -v
setenv CTM_AELMO_1 /projects/b1045/rcs_support/wrf-cmaq/WRF_DIR/work_dir/WRFv451_CMAQv55/CCTM/scripts/WRFCMAQ-BASE_202301_D02-sw_feedback/CCTM_AELMO_4.5.155_BASE_202301_D02_20230101.nc -v
setenv CTM_RJ_1 /projects/b1045/rcs_support/wrf-cmaq/WRF_DIR/work_dir/WRFv451_CMAQv55/CCTM/scripts/WRFCMAQ-BASE_202301_D02-sw_feedback/CCTM_PHOTDIAG1_4.5.155_BASE_202301_D02_20230101.nc -v
setenv CTM_RJ_2 /projects/b1045/rcs_support/wrf-cmaq/WRF_DIR/work_dir/WRFv451_CMAQv55/CCTM/scripts/WRFCMAQ-BASE_202301_D02-sw_feedback/CCTM_PHOTDIAG2_4.5.155_BASE_202301_D02_20230101.nc -v
setenv CTM_RJ_3 /projects/b1045/rcs_support/wrf-cmaq/WRF_DIR/work_dir/WRFv451_CMAQv55/CCTM/scripts/WRFCMAQ-BASE_202301_D02-sw_feedback/CCTM_PHOTDIAG3_4.5.155_BASE_202301_D02_20230101.nc -v
setenv CTM_SSEMIS_1 /projects/b1045/rcs_support/wrf-cmaq/WRF_DIR/work_dir/WRFv451_CMAQv55/CCTM/scripts/WRFCMAQ-BASE_202301_D02-sw_feedback/CCTM_SSEMIS_4.5.155_BASE_202301_D02_20230101.nc -v
setenv CTM_DUST_EMIS_1 /projects/b1045/rcs_support/wrf-cmaq/WRF_DIR/work_dir/WRFv451_CMAQv55/CCTM/scripts/WRFCMAQ-BASE_202301_D02-sw_feedback/CCTM_DUSTEMIS_4.5.155_BASE_202301_D02_20230101.nc -v
setenv CTM_BUDGET /projects/b1045/rcs_support/wrf-cmaq/WRF_DIR/work_dir/WRFv451_CMAQv55/CCTM/scripts/WRFCMAQ-BASE_202301_D02-sw_feedback/CCTM_BUDGET_4.5.155_BASE_202301_D02_20230101.txt -v
setenv CTM_IPR_1 /projects/b1045/rcs_support/wrf-cmaq/WRF_DIR/work_dir/WRFv451_CMAQv55/CCTM/scripts/WRFCMAQ-BASE_202301_D02-sw_feedback/CCTM_PA_1_4.5.155_BASE_202301_D02_20230101.nc -v
setenv CTM_IPR_2 /projects/b1045/rcs_support/wrf-cmaq/WRF_DIR/work_dir/WRFv451_CMAQv55/CCTM/scripts/WRFCMAQ-BASE_202301_D02-sw_feedback/CCTM_PA_2_4.5.155_BASE_202301_D02_20230101.nc -v
setenv CTM_IPR_3 /projects/b1045/rcs_support/wrf-cmaq/WRF_DIR/work_dir/WRFv451_CMAQv55/CCTM/scripts/WRFCMAQ-BASE_202301_D02-sw_feedback/CCTM_PA_3_4.5.155_BASE_202301_D02_20230101.nc -v
setenv CTM_IRR_1 /projects/b1045/rcs_support/wrf-cmaq/WRF_DIR/work_dir/WRFv451_CMAQv55/CCTM/scripts/WRFCMAQ-BASE_202301_D02-sw_feedback/CCTM_IRR_1_4.5.155_BASE_202301_D02_20230101.nc -v
setenv CTM_IRR_2 /projects/b1045/rcs_support/wrf-cmaq/WRF_DIR/work_dir/WRFv451_CMAQv55/CCTM/scripts/WRFCMAQ-BASE_202301_D02-sw_feedback/CCTM_IRR_2_4.5.155_BASE_202301_D02_20230101.nc -v
setenv CTM_IRR_3 /projects/b1045/rcs_support/wrf-cmaq/WRF_DIR/work_dir/WRFv451_CMAQv55/CCTM/scripts/WRFCMAQ-BASE_202301_D02-sw_feedback/CCTM_IRR_3_4.5.155_BASE_202301_D02_20230101.nc -v
setenv CTM_DRY_DEP_MOS /projects/b1045/rcs_support/wrf-cmaq/WRF_DIR/work_dir/WRFv451_CMAQv55/CCTM/scripts/WRFCMAQ-BASE_202301_D02-sw_feedback/CCTM_DDMOS_4.5.155_BASE_202301_D02_20230101.nc -v
setenv CTM_DEPV_MOS /projects/b1045/rcs_support/wrf-cmaq/WRF_DIR/work_dir/WRFv451_CMAQv55/CCTM/scripts/WRFCMAQ-BASE_202301_D02-sw_feedback/CCTM_DEPVMOS_4.5.155_BASE_202301_D02_20230101.nc -v
setenv CTM_VDIFF_DIAG /projects/b1045/rcs_support/wrf-cmaq/WRF_DIR/work_dir/WRFv451_CMAQv55/CCTM/scripts/WRFCMAQ-BASE_202301_D02-sw_feedback/CCTM_VDIFF_DIAG_4.5.155_BASE_202301_D02_20230101.nc -v
setenv CTM_VSED_DIAG /projects/b1045/rcs_support/wrf-cmaq/WRF_DIR/work_dir/WRFv451_CMAQv55/CCTM/scripts/WRFCMAQ-BASE_202301_D02-sw_feedback/CCTM_VSED_DIAG_4.5.155_BASE_202301_D02_20230101.nc -v
setenv CTM_LTNGDIAG_1 /projects/b1045/rcs_support/wrf-cmaq/WRF_DIR/work_dir/WRFv451_CMAQv55/CCTM/scripts/WRFCMAQ-BASE_202301_D02-sw_feedback/CCTM_LTNGHRLY_4.5.155_BASE_202301_D02_20230101.nc -v
setenv CTM_LTNGDIAG_2 /projects/b1045/rcs_support/wrf-cmaq/WRF_DIR/work_dir/WRFv451_CMAQv55/CCTM/scripts/WRFCMAQ-BASE_202301_D02-sw_feedback/CCTM_LTNGCOL_4.5.155_BASE_202301_D02_20230101.nc -v
setenv CTM_VEXT_1 /projects/b1045/rcs_support/wrf-cmaq/WRF_DIR/work_dir/WRFv451_CMAQv55/CCTM/scripts/WRFCMAQ-BASE_202301_D02-sw_feedback/CCTM_VEXT_4.5.155_BASE_202301_D02_20230101.nc -v
setenv PGRID_DOT_2D /projects/b1045/rcs_support/wrf-cmaq/WRF_DIR/work_dir/WRFv451_CMAQv55/CCTM/scripts/WRFCMAQ-BASE_202301_D02-sw_feedback/GRID_DOT_2D_4.5.155_BASE_202301_D02_20230101.nc -v
setenv PGRID_CRO_2D /projects/b1045/rcs_support/wrf-cmaq/WRF_DIR/work_dir/WRFv451_CMAQv55/CCTM/scripts/WRFCMAQ-BASE_202301_D02-sw_feedback/GRID_CRO_2D_4.5.155_BASE_202301_D02_20230101.nc -v
setenv PMET_CRO_2D /projects/b1045/rcs_support/wrf-cmaq/WRF_DIR/work_dir/WRFv451_CMAQv55/CCTM/scripts/WRFCMAQ-BASE_202301_D02-sw_feedback/MET_CRO_2D_4.5.155_BASE_202301_D02_20230101.nc -v
setenv PMET_DOT_3D /projects/b1045/rcs_support/wrf-cmaq/WRF_DIR/work_dir/WRFv451_CMAQv55/CCTM/scripts/WRFCMAQ-BASE_202301_D02-sw_feedback/MET_DOT_2D_4.5.155_BASE_202301_D02_20230101.nc -v
setenv PMET_CRO_3D /projects/b1045/rcs_support/wrf-cmaq/WRF_DIR/work_dir/WRFv451_CMAQv55/CCTM/scripts/WRFCMAQ-BASE_202301_D02-sw_feedback/MET_CRO_3D_4.5.155_BASE_202301_D02_20230101.nc -v
if ( F == T ) then
setenv LAYER_FILE MET_CRO_3D
@ n = 0
while ( 0 < 200 )
set name = `printf "_%3.3d\n" $n`
printf _%3.3d\n 0
setenv feed_back_000 BUFFERED
@ n++
end
while ( 1 < 200 )
set name = `printf "_%3.3d\n" $n`
printf _%3.3d\n 1
setenv feed_back_001 BUFFERED
@ n++
end
while ( 2 < 200 )
set name = `printf "_%3.3d\n" $n`
printf _%3.3d\n 2
setenv feed_back_002 BUFFERED
@ n++
end
while ( 3 < 200 )
set name = `printf "_%3.3d\n" $n`
printf _%3.3d\n 3
setenv feed_back_003 BUFFERED
@ n++
end
while ( 4 < 200 )
set name = `printf "_%3.3d\n" $n`
printf _%3.3d\n 4
setenv feed_back_004 BUFFERED
@ n++
end
while ( 5 < 200 )
set name = `printf "_%3.3d\n" $n`
printf _%3.3d\n 5
setenv feed_back_005 BUFFERED
@ n++
end
while ( 6 < 200 )
set name = `printf "_%3.3d\n" $n`
printf _%3.3d\n 6
setenv feed_back_006 BUFFERED
@ n++
end
while ( 7 < 200 )
set name = `printf "_%3.3d\n" $n`
printf _%3.3d\n 7
setenv feed_back_007 BUFFERED
@ n++
end
while ( 8 < 200 )
set name = `printf "_%3.3d\n" $n`
printf _%3.3d\n 8
setenv feed_back_008 BUFFERED
@ n++
end
while ( 9 < 200 )
set name = `printf "_%3.3d\n" $n`
printf _%3.3d\n 9
setenv feed_back_009 BUFFERED
@ n++
end
while ( 10 < 200 )
set name = `printf "_%3.3d\n" $n`
printf _%3.3d\n 10
setenv feed_back_010 BUFFERED
@ n++
end
while ( 11 < 200 )
set name = `printf "_%3.3d\n" $n`
printf _%3.3d\n 11
setenv feed_back_011 BUFFERED
@ n++
end
while ( 12 < 200 )
set name = `printf "_%3.3d\n" $n`
printf _%3.3d\n 12
setenv feed_back_012 BUFFERED
@ n++
end
while ( 13 < 200 )
set name = `printf "_%3.3d\n" $n`
printf _%3.3d\n 13
setenv feed_back_013 BUFFERED
@ n++
end
while ( 14 < 200 )
set name = `printf "_%3.3d\n" $n`
printf _%3.3d\n 14
setenv feed_back_014 BUFFERED
@ n++
end
while ( 15 < 200 )
set name = `printf "_%3.3d\n" $n`
printf _%3.3d\n 15
setenv feed_back_015 BUFFERED
@ n++
end
while ( 16 < 200 )
set name = `printf "_%3.3d\n" $n`
printf _%3.3d\n 16
setenv feed_back_016 BUFFERED
@ n++
end
while ( 17 < 200 )
set name = `printf "_%3.3d\n" $n`
printf _%3.3d\n 17
setenv feed_back_017 BUFFERED
@ n++
end
while ( 18 < 200 )
set name = `printf "_%3.3d\n" $n`
printf _%3.3d\n 18
setenv feed_back_018 BUFFERED
@ n++
end
while ( 19 < 200 )
set name = `printf "_%3.3d\n" $n`
printf _%3.3d\n 19
setenv feed_back_019 BUFFERED
@ n++
end
while ( 20 < 200 )
set name = `printf "_%3.3d\n" $n`
printf _%3.3d\n 20
setenv feed_back_020 BUFFERED
@ n++
end
while ( 21 < 200 )
set name = `printf "_%3.3d\n" $n`
printf _%3.3d\n 21
setenv feed_back_021 BUFFERED
@ n++
end
while ( 22 < 200 )
set name = `printf "_%3.3d\n" $n`
printf _%3.3d\n 22
setenv feed_back_022 BUFFERED
@ n++
end
while ( 23 < 200 )
set name = `printf "_%3.3d\n" $n`
printf _%3.3d\n 23
setenv feed_back_023 BUFFERED
@ n++
end
while ( 24 < 200 )
set name = `printf "_%3.3d\n" $n`
printf _%3.3d\n 24
setenv feed_back_024 BUFFERED
@ n++
end
while ( 25 < 200 )
set name = `printf "_%3.3d\n" $n`
printf _%3.3d\n 25
setenv feed_back_025 BUFFERED
@ n++
end
while ( 26 < 200 )
set name = `printf "_%3.3d\n" $n`
printf _%3.3d\n 26
setenv feed_back_026 BUFFERED
@ n++
end
while ( 27 < 200 )
set name = `printf "_%3.3d\n" $n`
printf _%3.3d\n 27
setenv feed_back_027 BUFFERED
@ n++
end
while ( 28 < 200 )
set name = `printf "_%3.3d\n" $n`
printf _%3.3d\n 28
setenv feed_back_028 BUFFERED
@ n++
end
while ( 29 < 200 )
set name = `printf "_%3.3d\n" $n`
printf _%3.3d\n 29
setenv feed_back_029 BUFFERED
@ n++
end
while ( 30 < 200 )
set name = `printf "_%3.3d\n" $n`
printf _%3.3d\n 30
setenv feed_back_030 BUFFERED
@ n++
end
while ( 31 < 200 )
set name = `printf "_%3.3d\n" $n`
printf _%3.3d\n 31
setenv feed_back_031 BUFFERED
@ n++
end
while ( 32 < 200 )
set name = `printf "_%3.3d\n" $n`
printf _%3.3d\n 32
setenv feed_back_032 BUFFERED
@ n++
end
while ( 33 < 200 )
set name = `printf "_%3.3d\n" $n`
printf _%3.3d\n 33
setenv feed_back_033 BUFFERED
@ n++
end
while ( 34 < 200 )
set name = `printf "_%3.3d\n" $n`
printf _%3.3d\n 34
setenv feed_back_034 BUFFERED
@ n++
end
while ( 35 < 200 )
set name = `printf "_%3.3d\n" $n`
printf _%3.3d\n 35
setenv feed_back_035 BUFFERED
@ n++
end
while ( 36 < 200 )
set name = `printf "_%3.3d\n" $n`
printf _%3.3d\n 36
setenv feed_back_036 BUFFERED
@ n++
end
while ( 37 < 200 )
set name = `printf "_%3.3d\n" $n`
printf _%3.3d\n 37
setenv feed_back_037 BUFFERED
@ n++
end
while ( 38 < 200 )
set name = `printf "_%3.3d\n" $n`
printf _%3.3d\n 38
setenv feed_back_038 BUFFERED
@ n++
end
while ( 39 < 200 )
set name = `printf "_%3.3d\n" $n`
printf _%3.3d\n 39
setenv feed_back_039 BUFFERED
@ n++
end
while ( 40 < 200 )
set name = `printf "_%3.3d\n" $n`
printf _%3.3d\n 40
setenv feed_back_040 BUFFERED
@ n++
end
while ( 41 < 200 )
set name = `printf "_%3.3d\n" $n`
printf _%3.3d\n 41
setenv feed_back_041 BUFFERED
@ n++
end
while ( 42 < 200 )
set name = `printf "_%3.3d\n" $n`
printf _%3.3d\n 42
setenv feed_back_042 BUFFERED
@ n++
end
while ( 43 < 200 )
set name = `printf "_%3.3d\n" $n`
printf _%3.3d\n 43
setenv feed_back_043 BUFFERED
@ n++
end
while ( 44 < 200 )
set name = `printf "_%3.3d\n" $n`
printf _%3.3d\n 44
setenv feed_back_044 BUFFERED
@ n++
end
while ( 45 < 200 )
set name = `printf "_%3.3d\n" $n`
printf _%3.3d\n 45
setenv feed_back_045 BUFFERED
@ n++
end
while ( 46 < 200 )
set name = `printf "_%3.3d\n" $n`
printf _%3.3d\n 46
setenv feed_back_046 BUFFERED
@ n++
end
while ( 47 < 200 )
set name = `printf "_%3.3d\n" $n`
printf _%3.3d\n 47
setenv feed_back_047 BUFFERED
@ n++
end
while ( 48 < 200 )
set name = `printf "_%3.3d\n" $n`
printf _%3.3d\n 48
setenv feed_back_048 BUFFERED
@ n++
end
while ( 49 < 200 )
set name = `printf "_%3.3d\n" $n`
printf _%3.3d\n 49
setenv feed_back_049 BUFFERED
@ n++
end
while ( 50 < 200 )
set name = `printf "_%3.3d\n" $n`
printf _%3.3d\n 50
setenv feed_back_050 BUFFERED
@ n++
end
while ( 51 < 200 )
set name = `printf "_%3.3d\n" $n`
printf _%3.3d\n 51
setenv feed_back_051 BUFFERED
@ n++
end
while ( 52 < 200 )
set name = `printf "_%3.3d\n" $n`
printf _%3.3d\n 52
setenv feed_back_052 BUFFERED
@ n++
end
while ( 53 < 200 )
set name = `printf "_%3.3d\n" $n`
printf _%3.3d\n 53
setenv feed_back_053 BUFFERED
@ n++
end
while ( 54 < 200 )
set name = `printf "_%3.3d\n" $n`
printf _%3.3d\n 54
setenv feed_back_054 BUFFERED
@ n++
end
while ( 55 < 200 )
set name = `printf "_%3.3d\n" $n`
printf _%3.3d\n 55
setenv feed_back_055 BUFFERED
@ n++
end
while ( 56 < 200 )
set name = `printf "_%3.3d\n" $n`
printf _%3.3d\n 56
setenv feed_back_056 BUFFERED
@ n++
end
while ( 57 < 200 )
set name = `printf "_%3.3d\n" $n`
printf _%3.3d\n 57
setenv feed_back_057 BUFFERED
@ n++
end
while ( 58 < 200 )
set name = `printf "_%3.3d\n" $n`
printf _%3.3d\n 58
setenv feed_back_058 BUFFERED
@ n++
end
while ( 59 < 200 )
set name = `printf "_%3.3d\n" $n`
printf _%3.3d\n 59
setenv feed_back_059 BUFFERED
@ n++
end
while ( 60 < 200 )
set name = `printf "_%3.3d\n" $n`
printf _%3.3d\n 60
setenv feed_back_060 BUFFERED
@ n++
end
while ( 61 < 200 )
set name = `printf "_%3.3d\n" $n`
printf _%3.3d\n 61
setenv feed_back_061 BUFFERED
@ n++
end
while ( 62 < 200 )
set name = `printf "_%3.3d\n" $n`
printf _%3.3d\n 62
setenv feed_back_062 BUFFERED
@ n++
end
while ( 63 < 200 )
set name = `printf "_%3.3d\n" $n`
printf _%3.3d\n 63
setenv feed_back_063 BUFFERED
@ n++
end
while ( 64 < 200 )
set name = `printf "_%3.3d\n" $n`
printf _%3.3d\n 64
setenv feed_back_064 BUFFERED
@ n++
end
while ( 65 < 200 )
set name = `printf "_%3.3d\n" $n`
printf _%3.3d\n 65
setenv feed_back_065 BUFFERED
@ n++
end
while ( 66 < 200 )
set name = `printf "_%3.3d\n" $n`
printf _%3.3d\n 66
setenv feed_back_066 BUFFERED
@ n++
end
while ( 67 < 200 )
set name = `printf "_%3.3d\n" $n`
printf _%3.3d\n 67
setenv feed_back_067 BUFFERED
@ n++
end
while ( 68 < 200 )
set name = `printf "_%3.3d\n" $n`
printf _%3.3d\n 68
setenv feed_back_068 BUFFERED
@ n++
end
while ( 69 < 200 )
set name = `printf "_%3.3d\n" $n`
printf _%3.3d\n 69
setenv feed_back_069 BUFFERED
@ n++
end
while ( 70 < 200 )
set name = `printf "_%3.3d\n" $n`
printf _%3.3d\n 70
setenv feed_back_070 BUFFERED
@ n++
end
while ( 71 < 200 )
set name = `printf "_%3.3d\n" $n`
printf _%3.3d\n 71
setenv feed_back_071 BUFFERED
@ n++
end
while ( 72 < 200 )
set name = `printf "_%3.3d\n" $n`
printf _%3.3d\n 72
setenv feed_back_072 BUFFERED
@ n++
end
while ( 73 < 200 )
set name = `printf "_%3.3d\n" $n`
printf _%3.3d\n 73
setenv feed_back_073 BUFFERED
@ n++
end
while ( 74 < 200 )
set name = `printf "_%3.3d\n" $n`
printf _%3.3d\n 74
setenv feed_back_074 BUFFERED
@ n++
end
while ( 75 < 200 )
set name = `printf "_%3.3d\n" $n`
printf _%3.3d\n 75
setenv feed_back_075 BUFFERED
@ n++
end
while ( 76 < 200 )
set name = `printf "_%3.3d\n" $n`
printf _%3.3d\n 76
setenv feed_back_076 BUFFERED
@ n++
end
while ( 77 < 200 )
set name = `printf "_%3.3d\n" $n`
printf _%3.3d\n 77
setenv feed_back_077 BUFFERED
@ n++
end
while ( 78 < 200 )
set name = `printf "_%3.3d\n" $n`
printf _%3.3d\n 78
setenv feed_back_078 BUFFERED
@ n++
end
while ( 79 < 200 )
set name = `printf "_%3.3d\n" $n`
printf _%3.3d\n 79
setenv feed_back_079 BUFFERED
@ n++
end
while ( 80 < 200 )
set name = `printf "_%3.3d\n" $n`
printf _%3.3d\n 80
setenv feed_back_080 BUFFERED
@ n++
end
while ( 81 < 200 )
set name = `printf "_%3.3d\n" $n`
printf _%3.3d\n 81
setenv feed_back_081 BUFFERED
@ n++
end
while ( 82 < 200 )
set name = `printf "_%3.3d\n" $n`
printf _%3.3d\n 82
setenv feed_back_082 BUFFERED
@ n++
end
while ( 83 < 200 )
set name = `printf "_%3.3d\n" $n`
printf _%3.3d\n 83
setenv feed_back_083 BUFFERED
@ n++
end
while ( 84 < 200 )
set name = `printf "_%3.3d\n" $n`
printf _%3.3d\n 84
setenv feed_back_084 BUFFERED
@ n++
end
while ( 85 < 200 )
set name = `printf "_%3.3d\n" $n`
printf _%3.3d\n 85
setenv feed_back_085 BUFFERED
@ n++
end
while ( 86 < 200 )
set name = `printf "_%3.3d\n" $n`
printf _%3.3d\n 86
setenv feed_back_086 BUFFERED
@ n++
end
while ( 87 < 200 )
set name = `printf "_%3.3d\n" $n`
printf _%3.3d\n 87
setenv feed_back_087 BUFFERED
@ n++
end
while ( 88 < 200 )
set name = `printf "_%3.3d\n" $n`
printf _%3.3d\n 88
setenv feed_back_088 BUFFERED
@ n++
end
while ( 89 < 200 )
set name = `printf "_%3.3d\n" $n`
printf _%3.3d\n 89
setenv feed_back_089 BUFFERED
@ n++
end
while ( 90 < 200 )
set name = `printf "_%3.3d\n" $n`
printf _%3.3d\n 90
setenv feed_back_090 BUFFERED
@ n++
end
while ( 91 < 200 )
set name = `printf "_%3.3d\n" $n`
printf _%3.3d\n 91
setenv feed_back_091 BUFFERED
@ n++
end
while ( 92 < 200 )
set name = `printf "_%3.3d\n" $n`
printf _%3.3d\n 92
setenv feed_back_092 BUFFERED
@ n++
end
while ( 93 < 200 )
set name = `printf "_%3.3d\n" $n`
printf _%3.3d\n 93
setenv feed_back_093 BUFFERED
@ n++
end
while ( 94 < 200 )
set name = `printf "_%3.3d\n" $n`
printf _%3.3d\n 94
setenv feed_back_094 BUFFERED
@ n++
end
while ( 95 < 200 )
set name = `printf "_%3.3d\n" $n`
printf _%3.3d\n 95
setenv feed_back_095 BUFFERED
@ n++
end
while ( 96 < 200 )
set name = `printf "_%3.3d\n" $n`
printf _%3.3d\n 96
setenv feed_back_096 BUFFERED
@ n++
end
while ( 97 < 200 )
set name = `printf "_%3.3d\n" $n`
printf _%3.3d\n 97
setenv feed_back_097 BUFFERED
@ n++
end
while ( 98 < 200 )
set name = `printf "_%3.3d\n" $n`
printf _%3.3d\n 98
setenv feed_back_098 BUFFERED
@ n++
end
while ( 99 < 200 )
set name = `printf "_%3.3d\n" $n`
printf _%3.3d\n 99
setenv feed_back_099 BUFFERED
@ n++
end
while ( 100 < 200 )
set name = `printf "_%3.3d\n" $n`
printf _%3.3d\n 100
setenv feed_back_100 BUFFERED
@ n++
end
while ( 101 < 200 )
set name = `printf "_%3.3d\n" $n`
printf _%3.3d\n 101
setenv feed_back_101 BUFFERED
@ n++
end
while ( 102 < 200 )
set name = `printf "_%3.3d\n" $n`
printf _%3.3d\n 102
setenv feed_back_102 BUFFERED
@ n++
end
while ( 103 < 200 )
set name = `printf "_%3.3d\n" $n`
printf _%3.3d\n 103
setenv feed_back_103 BUFFERED
@ n++
end
while ( 104 < 200 )
set name = `printf "_%3.3d\n" $n`
printf _%3.3d\n 104
setenv feed_back_104 BUFFERED
@ n++
end
while ( 105 < 200 )
set name = `printf "_%3.3d\n" $n`
printf _%3.3d\n 105
setenv feed_back_105 BUFFERED
@ n++
end
while ( 106 < 200 )
set name = `printf "_%3.3d\n" $n`
printf _%3.3d\n 106
setenv feed_back_106 BUFFERED
@ n++
end
while ( 107 < 200 )
set name = `printf "_%3.3d\n" $n`
printf _%3.3d\n 107
setenv feed_back_107 BUFFERED
@ n++
end
while ( 108 < 200 )
set name = `printf "_%3.3d\n" $n`
printf _%3.3d\n 108
setenv feed_back_108 BUFFERED
@ n++
end
while ( 109 < 200 )
set name = `printf "_%3.3d\n" $n`
printf _%3.3d\n 109
setenv feed_back_109 BUFFERED
@ n++
end
while ( 110 < 200 )
set name = `printf "_%3.3d\n" $n`
printf _%3.3d\n 110
setenv feed_back_110 BUFFERED
@ n++
end
while ( 111 < 200 )
set name = `printf "_%3.3d\n" $n`
printf _%3.3d\n 111
setenv feed_back_111 BUFFERED
@ n++
end
while ( 112 < 200 )
set name = `printf "_%3.3d\n" $n`
printf _%3.3d\n 112
setenv feed_back_112 BUFFERED
@ n++
end
while ( 113 < 200 )
set name = `printf "_%3.3d\n" $n`
printf _%3.3d\n 113
setenv feed_back_113 BUFFERED
@ n++
end
while ( 114 < 200 )
set name = `printf "_%3.3d\n" $n`
printf _%3.3d\n 114
setenv feed_back_114 BUFFERED
@ n++
end
while ( 115 < 200 )
set name = `printf "_%3.3d\n" $n`
printf _%3.3d\n 115
setenv feed_back_115 BUFFERED
@ n++
end
while ( 116 < 200 )
set name = `printf "_%3.3d\n" $n`
printf _%3.3d\n 116
setenv feed_back_116 BUFFERED
@ n++
end
while ( 117 < 200 )
set name = `printf "_%3.3d\n" $n`
printf _%3.3d\n 117
setenv feed_back_117 BUFFERED
@ n++
end
while ( 118 < 200 )
set name = `printf "_%3.3d\n" $n`
printf _%3.3d\n 118
setenv feed_back_118 BUFFERED
@ n++
end
while ( 119 < 200 )
set name = `printf "_%3.3d\n" $n`
printf _%3.3d\n 119
setenv feed_back_119 BUFFERED
@ n++
end
while ( 120 < 200 )
set name = `printf "_%3.3d\n" $n`
printf _%3.3d\n 120
setenv feed_back_120 BUFFERED
@ n++
end
while ( 121 < 200 )
set name = `printf "_%3.3d\n" $n`
printf _%3.3d\n 121
setenv feed_back_121 BUFFERED
@ n++
end
while ( 122 < 200 )
set name = `printf "_%3.3d\n" $n`
printf _%3.3d\n 122
setenv feed_back_122 BUFFERED
@ n++
end
while ( 123 < 200 )
set name = `printf "_%3.3d\n" $n`
printf _%3.3d\n 123
setenv feed_back_123 BUFFERED
@ n++
end
while ( 124 < 200 )
set name = `printf "_%3.3d\n" $n`
printf _%3.3d\n 124
setenv feed_back_124 BUFFERED
@ n++
end
while ( 125 < 200 )
set name = `printf "_%3.3d\n" $n`
printf _%3.3d\n 125
setenv feed_back_125 BUFFERED
@ n++
end
while ( 126 < 200 )
set name = `printf "_%3.3d\n" $n`
printf _%3.3d\n 126
setenv feed_back_126 BUFFERED
@ n++
end
while ( 127 < 200 )
set name = `printf "_%3.3d\n" $n`
printf _%3.3d\n 127
setenv feed_back_127 BUFFERED
@ n++
end
while ( 128 < 200 )
set name = `printf "_%3.3d\n" $n`
printf _%3.3d\n 128
setenv feed_back_128 BUFFERED
@ n++
end
while ( 129 < 200 )
set name = `printf "_%3.3d\n" $n`
printf _%3.3d\n 129
setenv feed_back_129 BUFFERED
@ n++
end
while ( 130 < 200 )
set name = `printf "_%3.3d\n" $n`
printf _%3.3d\n 130
setenv feed_back_130 BUFFERED
@ n++
end
while ( 131 < 200 )
set name = `printf "_%3.3d\n" $n`
printf _%3.3d\n 131
setenv feed_back_131 BUFFERED
@ n++
end
while ( 132 < 200 )
set name = `printf "_%3.3d\n" $n`
printf _%3.3d\n 132
setenv feed_back_132 BUFFERED
@ n++
end
while ( 133 < 200 )
set name = `printf "_%3.3d\n" $n`
printf _%3.3d\n 133
setenv feed_back_133 BUFFERED
@ n++
end
while ( 134 < 200 )
set name = `printf "_%3.3d\n" $n`
printf _%3.3d\n 134
setenv feed_back_134 BUFFERED
@ n++
end
while ( 135 < 200 )
set name = `printf "_%3.3d\n" $n`
printf _%3.3d\n 135
setenv feed_back_135 BUFFERED
@ n++
end
while ( 136 < 200 )
set name = `printf "_%3.3d\n" $n`
printf _%3.3d\n 136
setenv feed_back_136 BUFFERED
@ n++
end
while ( 137 < 200 )
set name = `printf "_%3.3d\n" $n`
printf _%3.3d\n 137
setenv feed_back_137 BUFFERED
@ n++
end
while ( 138 < 200 )
set name = `printf "_%3.3d\n" $n`
printf _%3.3d\n 138
setenv feed_back_138 BUFFERED
@ n++
end
while ( 139 < 200 )
set name = `printf "_%3.3d\n" $n`
printf _%3.3d\n 139
setenv feed_back_139 BUFFERED
@ n++
end
while ( 140 < 200 )
set name = `printf "_%3.3d\n" $n`
printf _%3.3d\n 140
setenv feed_back_140 BUFFERED
@ n++
end
while ( 141 < 200 )
set name = `printf "_%3.3d\n" $n`
printf _%3.3d\n 141
setenv feed_back_141 BUFFERED
@ n++
end
while ( 142 < 200 )
set name = `printf "_%3.3d\n" $n`
printf _%3.3d\n 142
setenv feed_back_142 BUFFERED
@ n++
end
while ( 143 < 200 )
set name = `printf "_%3.3d\n" $n`
printf _%3.3d\n 143
setenv feed_back_143 BUFFERED
@ n++
end
while ( 144 < 200 )
set name = `printf "_%3.3d\n" $n`
printf _%3.3d\n 144
setenv feed_back_144 BUFFERED
@ n++
end
while ( 145 < 200 )
set name = `printf "_%3.3d\n" $n`
printf _%3.3d\n 145
setenv feed_back_145 BUFFERED
@ n++
end
while ( 146 < 200 )
set name = `printf "_%3.3d\n" $n`
printf _%3.3d\n 146
setenv feed_back_146 BUFFERED
@ n++
end
while ( 147 < 200 )
set name = `printf "_%3.3d\n" $n`
printf _%3.3d\n 147
setenv feed_back_147 BUFFERED
@ n++
end
while ( 148 < 200 )
set name = `printf "_%3.3d\n" $n`
printf _%3.3d\n 148
setenv feed_back_148 BUFFERED
@ n++
end
while ( 149 < 200 )
set name = `printf "_%3.3d\n" $n`
printf _%3.3d\n 149
setenv feed_back_149 BUFFERED
@ n++
end
while ( 150 < 200 )
set name = `printf "_%3.3d\n" $n`
printf _%3.3d\n 150
setenv feed_back_150 BUFFERED
@ n++
end
while ( 151 < 200 )
set name = `printf "_%3.3d\n" $n`
printf _%3.3d\n 151
setenv feed_back_151 BUFFERED
@ n++
end
while ( 152 < 200 )
set name = `printf "_%3.3d\n" $n`
printf _%3.3d\n 152
setenv feed_back_152 BUFFERED
@ n++
end
while ( 153 < 200 )
set name = `printf "_%3.3d\n" $n`
printf _%3.3d\n 153
setenv feed_back_153 BUFFERED
@ n++
end
while ( 154 < 200 )
set name = `printf "_%3.3d\n" $n`
printf _%3.3d\n 154
setenv feed_back_154 BUFFERED
@ n++
end
while ( 155 < 200 )
set name = `printf "_%3.3d\n" $n`
printf _%3.3d\n 155
setenv feed_back_155 BUFFERED
@ n++
end
while ( 156 < 200 )
set name = `printf "_%3.3d\n" $n`
printf _%3.3d\n 156
setenv feed_back_156 BUFFERED
@ n++
end
while ( 157 < 200 )
set name = `printf "_%3.3d\n" $n`
printf _%3.3d\n 157
setenv feed_back_157 BUFFERED
@ n++
end
while ( 158 < 200 )
set name = `printf "_%3.3d\n" $n`
printf _%3.3d\n 158
setenv feed_back_158 BUFFERED
@ n++
end
while ( 159 < 200 )
set name = `printf "_%3.3d\n" $n`
printf _%3.3d\n 159
setenv feed_back_159 BUFFERED
@ n++
end
while ( 160 < 200 )
set name = `printf "_%3.3d\n" $n`
printf _%3.3d\n 160
setenv feed_back_160 BUFFERED
@ n++
end
while ( 161 < 200 )
set name = `printf "_%3.3d\n" $n`
printf _%3.3d\n 161
setenv feed_back_161 BUFFERED
@ n++
end
while ( 162 < 200 )
set name = `printf "_%3.3d\n" $n`
printf _%3.3d\n 162
setenv feed_back_162 BUFFERED
@ n++
end
while ( 163 < 200 )
set name = `printf "_%3.3d\n" $n`
printf _%3.3d\n 163
setenv feed_back_163 BUFFERED
@ n++
end
while ( 164 < 200 )
set name = `printf "_%3.3d\n" $n`
printf _%3.3d\n 164
setenv feed_back_164 BUFFERED
@ n++
end
while ( 165 < 200 )
set name = `printf "_%3.3d\n" $n`
printf _%3.3d\n 165
setenv feed_back_165 BUFFERED
@ n++
end
while ( 166 < 200 )
set name = `printf "_%3.3d\n" $n`
printf _%3.3d\n 166
setenv feed_back_166 BUFFERED
@ n++
end
while ( 167 < 200 )
set name = `printf "_%3.3d\n" $n`
printf _%3.3d\n 167
setenv feed_back_167 BUFFERED
@ n++
end
while ( 168 < 200 )
set name = `printf "_%3.3d\n" $n`
printf _%3.3d\n 168
setenv feed_back_168 BUFFERED
@ n++
end
while ( 169 < 200 )
set name = `printf "_%3.3d\n" $n`
printf _%3.3d\n 169
setenv feed_back_169 BUFFERED
@ n++
end
while ( 170 < 200 )
set name = `printf "_%3.3d\n" $n`
printf _%3.3d\n 170
setenv feed_back_170 BUFFERED
@ n++
end
while ( 171 < 200 )
set name = `printf "_%3.3d\n" $n`
printf _%3.3d\n 171
setenv feed_back_171 BUFFERED
@ n++
end
while ( 172 < 200 )
set name = `printf "_%3.3d\n" $n`
printf _%3.3d\n 172
setenv feed_back_172 BUFFERED
@ n++
end
while ( 173 < 200 )
set name = `printf "_%3.3d\n" $n`
printf _%3.3d\n 173
setenv feed_back_173 BUFFERED
@ n++
end
while ( 174 < 200 )
set name = `printf "_%3.3d\n" $n`
printf _%3.3d\n 174
setenv feed_back_174 BUFFERED
@ n++
end
while ( 175 < 200 )
set name = `printf "_%3.3d\n" $n`
printf _%3.3d\n 175
setenv feed_back_175 BUFFERED
@ n++
end
while ( 176 < 200 )
set name = `printf "_%3.3d\n" $n`
printf _%3.3d\n 176
setenv feed_back_176 BUFFERED
@ n++
end
while ( 177 < 200 )
set name = `printf "_%3.3d\n" $n`
printf _%3.3d\n 177
setenv feed_back_177 BUFFERED
@ n++
end
while ( 178 < 200 )
set name = `printf "_%3.3d\n" $n`
printf _%3.3d\n 178
setenv feed_back_178 BUFFERED
@ n++
end
while ( 179 < 200 )
set name = `printf "_%3.3d\n" $n`
printf _%3.3d\n 179
setenv feed_back_179 BUFFERED
@ n++
end
while ( 180 < 200 )
set name = `printf "_%3.3d\n" $n`
printf _%3.3d\n 180
setenv feed_back_180 BUFFERED
@ n++
end
while ( 181 < 200 )
set name = `printf "_%3.3d\n" $n`
printf _%3.3d\n 181
setenv feed_back_181 BUFFERED
@ n++
end
while ( 182 < 200 )
set name = `printf "_%3.3d\n" $n`
printf _%3.3d\n 182
setenv feed_back_182 BUFFERED
@ n++
end
while ( 183 < 200 )
set name = `printf "_%3.3d\n" $n`
printf _%3.3d\n 183
setenv feed_back_183 BUFFERED
@ n++
end
while ( 184 < 200 )
set name = `printf "_%3.3d\n" $n`
printf _%3.3d\n 184
setenv feed_back_184 BUFFERED
@ n++
end
while ( 185 < 200 )
set name = `printf "_%3.3d\n" $n`
printf _%3.3d\n 185
setenv feed_back_185 BUFFERED
@ n++
end
while ( 186 < 200 )
set name = `printf "_%3.3d\n" $n`
printf _%3.3d\n 186
setenv feed_back_186 BUFFERED
@ n++
end
while ( 187 < 200 )
set name = `printf "_%3.3d\n" $n`
printf _%3.3d\n 187
setenv feed_back_187 BUFFERED
@ n++
end
while ( 188 < 200 )
set name = `printf "_%3.3d\n" $n`
printf _%3.3d\n 188
setenv feed_back_188 BUFFERED
@ n++
end
while ( 189 < 200 )
set name = `printf "_%3.3d\n" $n`
printf _%3.3d\n 189
setenv feed_back_189 BUFFERED
@ n++
end
while ( 190 < 200 )
set name = `printf "_%3.3d\n" $n`
printf _%3.3d\n 190
setenv feed_back_190 BUFFERED
@ n++
end
while ( 191 < 200 )
set name = `printf "_%3.3d\n" $n`
printf _%3.3d\n 191
setenv feed_back_191 BUFFERED
@ n++
end
while ( 192 < 200 )
set name = `printf "_%3.3d\n" $n`
printf _%3.3d\n 192
setenv feed_back_192 BUFFERED
@ n++
end
while ( 193 < 200 )
set name = `printf "_%3.3d\n" $n`
printf _%3.3d\n 193
setenv feed_back_193 BUFFERED
@ n++
end
while ( 194 < 200 )
set name = `printf "_%3.3d\n" $n`
printf _%3.3d\n 194
setenv feed_back_194 BUFFERED
@ n++
end
while ( 195 < 200 )
set name = `printf "_%3.3d\n" $n`
printf _%3.3d\n 195
setenv feed_back_195 BUFFERED
@ n++
end
while ( 196 < 200 )
set name = `printf "_%3.3d\n" $n`
printf _%3.3d\n 196
setenv feed_back_196 BUFFERED
@ n++
end
while ( 197 < 200 )
set name = `printf "_%3.3d\n" $n`
printf _%3.3d\n 197
setenv feed_back_197 BUFFERED
@ n++
end
while ( 198 < 200 )
set name = `printf "_%3.3d\n" $n`
printf _%3.3d\n 198
setenv feed_back_198 BUFFERED
@ n++
end
while ( 199 < 200 )
set name = `printf "_%3.3d\n" $n`
printf _%3.3d\n 199
setenv feed_back_199 BUFFERED
@ n++
end
while ( 200 < 200 )
setenv FLOOR_FILE /projects/b1045/rcs_support/wrf-cmaq/WRF_DIR/work_dir/WRFv451_CMAQv55/CCTM/scripts/WRFCMAQ-BASE_202301_D02-sw_feedback/FLOOR_4.5.155_BASE_202301_D02_20230101.txt
set log_test = `cat buff.txt`
cat buff.txt
rm -f buff.txt
set OUT_FILES = ( /projects/b1045/rcs_support/wrf-cmaq/WRF_DIR/work_dir/WRFv451_CMAQv55/CCTM/scripts/WRFCMAQ-BASE_202301_D02-sw_feedback/FLOOR_4.5.155_BASE_202301_D02_20230101.txt /projects/b1045/rcs_support/wrf-cmaq/WRF_DIR/work_dir/WRFv451_CMAQv55/CCTM/scripts/WRFCMAQ-BASE_202301_D02-sw_feedback/CCTM_CGRID_4.5.155_BASE_202301_D02_20230101.nc /projects/b1045/rcs_support/wrf-cmaq/WRF_DIR/work_dir/WRFv451_CMAQv55/CCTM/scripts/WRFCMAQ-BASE_202301_D02-sw_feedback/CCTM_CONC_4.5.155_BASE_202301_D02_20230101.nc -v /projects/b1045/rcs_support/wrf-cmaq/WRF_DIR/work_dir/WRFv451_CMAQv55/CCTM/scripts/WRFCMAQ-BASE_202301_D02-sw_feedback/CCTM_ACONC_4.5.155_BASE_202301_D02_20230101.nc -v /projects/b1045/rcs_support/wrf-cmaq/WRF_DIR/work_dir/WRFv451_CMAQv55/CCTM/scripts/WRFCMAQ-BASE_202301_D02-sw_feedback/CCTM_MEDIA_CONC_4.5.155_BASE_202301_D02_20230101.nc -v /projects/b1045/rcs_support/wrf-cmaq/WRF_DIR/work_dir/WRFv451_CMAQv55/CCTM/scripts/WRFCMAQ-BASE_202301_D02-sw_feedback/CCTM_DRYDEP_4.5.155_BASE_202301_D02_20230101.nc -v /projects/b1045/rcs_support/wrf-cmaq/WRF_DIR/work_dir/WRFv451_CMAQv55/CCTM/scripts/WRFCMAQ-BASE_202301_D02-sw_feedback/CCTM_DEPV_4.5.155_BASE_202301_D02_20230101.nc -v /projects/b1045/rcs_support/wrf-cmaq/WRF_DIR/work_dir/WRFv451_CMAQv55/CCTM/scripts/WRFCMAQ-BASE_202301_D02-sw_feedback/CCTM_B3GTS_S_4.5.155_BASE_202301_D02_20230101.nc -v /projects/b1045/rcs_support/wrf-cmaq/WRF_DIR/work_dir/WRFv451_CMAQv55/CCTM/scripts/WRFCMAQ-BASE_202301_D02-sw_feedback/CCTM_MSOILOUT_4.5.155_BASE_202301_D02_20230101.nc /projects/b1045/rcs_support/wrf-cmaq/WRF_DIR/work_dir/WRFv451_CMAQv55/CCTM/scripts/WRFCMAQ-BASE_202301_D02-sw_feedback/CCTM_BSOILOUT_4.5.155_BASE_202301_D02_20230101.nc /projects/b1045/rcs_support/wrf-cmaq/WRF_DIR/work_dir/WRFv451_CMAQv55/CCTM/scripts/WRFCMAQ-BASE_202301_D02-sw_feedback/CCTM_BDSNPOUT_4.5.155_BASE_202301_D02_20230101.nc /projects/b1045/rcs_support/wrf-cmaq/WRF_DIR/work_dir/WRFv451_CMAQv55/CCTM/scripts/WRFCMAQ-BASE_202301_D02-sw_feedback/CCTM_WETDEP1_4.5.155_BASE_202301_D02_20230101.nc -v /projects/b1045/rcs_support/wrf-cmaq/WRF_DIR/work_dir/WRFv451_CMAQv55/CCTM/scripts/WRFCMAQ-BASE_202301_D02-sw_feedback/CCTM_WETDEP2_4.5.155_BASE_202301_D02_20230101.nc -v /projects/b1045/rcs_support/wrf-cmaq/WRF_DIR/work_dir/WRFv451_CMAQv55/CCTM/scripts/WRFCMAQ-BASE_202301_D02-sw_feedback/CCTM_ELMO_4.5.155_BASE_202301_D02_20230101.nc -v /projects/b1045/rcs_support/wrf-cmaq/WRF_DIR/work_dir/WRFv451_CMAQv55/CCTM/scripts/WRFCMAQ-BASE_202301_D02-sw_feedback/CCTM_AELMO_4.5.155_BASE_202301_D02_20230101.nc -v /projects/b1045/rcs_support/wrf-cmaq/WRF_DIR/work_dir/WRFv451_CMAQv55/CCTM/scripts/WRFCMAQ-BASE_202301_D02-sw_feedback/CCTM_PHOTDIAG1_4.5.155_BASE_202301_D02_20230101.nc -v /projects/b1045/rcs_support/wrf-cmaq/WRF_DIR/work_dir/WRFv451_CMAQv55/CCTM/scripts/WRFCMAQ-BASE_202301_D02-sw_feedback/CCTM_PHOTDIAG2_4.5.155_BASE_202301_D02_20230101.nc -v /projects/b1045/rcs_support/wrf-cmaq/WRF_DIR/work_dir/WRFv451_CMAQv55/CCTM/scripts/WRFCMAQ-BASE_202301_D02-sw_feedback/CCTM_PHOTDIAG3_4.5.155_BASE_202301_D02_20230101.nc -v /projects/b1045/rcs_support/wrf-cmaq/WRF_DIR/work_dir/WRFv451_CMAQv55/CCTM/scripts/WRFCMAQ-BASE_202301_D02-sw_feedback/CCTM_SSEMIS_4.5.155_BASE_202301_D02_20230101.nc -v /projects/b1045/rcs_support/wrf-cmaq/WRF_DIR/work_dir/WRFv451_CMAQv55/CCTM/scripts/WRFCMAQ-BASE_202301_D02-sw_feedback/CCTM_DUSTEMIS_4.5.155_BASE_202301_D02_20230101.nc -v /projects/b1045/rcs_support/wrf-cmaq/WRF_DIR/work_dir/WRFv451_CMAQv55/CCTM/scripts/WRFCMAQ-BASE_202301_D02-sw_feedback/CCTM_PA_1_4.5.155_BASE_202301_D02_20230101.nc -v /projects/b1045/rcs_support/wrf-cmaq/WRF_DIR/work_dir/WRFv451_CMAQv55/CCTM/scripts/WRFCMAQ-BASE_202301_D02-sw_feedback/CCTM_PA_2_4.5.155_BASE_202301_D02_20230101.nc -v /projects/b1045/rcs_support/wrf-cmaq/WRF_DIR/work_dir/WRFv451_CMAQv55/CCTM/scripts/WRFCMAQ-BASE_202301_D02-sw_feedback/CCTM_PA_3_4.5.155_BASE_202301_D02_20230101.nc -v /projects/b1045/rcs_support/wrf-cmaq/WRF_DIR/work_dir/WRFv451_CMAQv55/CCTM/scripts/WRFCMAQ-BASE_202301_D02-sw_feedback/CCTM_BUDGET_4.5.155_BASE_202301_D02_20230101.txt -v /projects/b1045/rcs_support/wrf-cmaq/WRF_DIR/work_dir/WRFv451_CMAQv55/CCTM/scripts/WRFCMAQ-BASE_202301_D02-sw_feedback/CCTM_IRR_1_4.5.155_BASE_202301_D02_20230101.nc -v /projects/b1045/rcs_support/wrf-cmaq/WRF_DIR/work_dir/WRFv451_CMAQv55/CCTM/scripts/WRFCMAQ-BASE_202301_D02-sw_feedback/CCTM_IRR_2_4.5.155_BASE_202301_D02_20230101.nc -v /projects/b1045/rcs_support/wrf-cmaq/WRF_DIR/work_dir/WRFv451_CMAQv55/CCTM/scripts/WRFCMAQ-BASE_202301_D02-sw_feedback/CCTM_IRR_3_4.5.155_BASE_202301_D02_20230101.nc -v /projects/b1045/rcs_support/wrf-cmaq/WRF_DIR/work_dir/WRFv451_CMAQv55/CCTM/scripts/WRFCMAQ-BASE_202301_D02-sw_feedback/CCTM_DDMOS_4.5.155_BASE_202301_D02_20230101.nc -v /projects/b1045/rcs_support/wrf-cmaq/WRF_DIR/work_dir/WRFv451_CMAQv55/CCTM/scripts/WRFCMAQ-BASE_202301_D02-sw_feedback/CCTM_DEPVMOS_4.5.155_BASE_202301_D02_20230101.nc -v /projects/b1045/rcs_support/wrf-cmaq/WRF_DIR/work_dir/WRFv451_CMAQv55/CCTM/scripts/WRFCMAQ-BASE_202301_D02-sw_feedback/CCTM_VDIFF_DIAG_4.5.155_BASE_202301_D02_20230101.nc -v /projects/b1045/rcs_support/wrf-cmaq/WRF_DIR/work_dir/WRFv451_CMAQv55/CCTM/scripts/WRFCMAQ-BASE_202301_D02-sw_feedback/CCTM_VSED_DIAG_4.5.155_BASE_202301_D02_20230101.nc -v /projects/b1045/rcs_support/wrf-cmaq/WRF_DIR/work_dir/WRFv451_CMAQv55/CCTM/scripts/WRFCMAQ-BASE_202301_D02-sw_feedback/CCTM_LTNGHRLY_4.5.155_BASE_202301_D02_20230101.nc -v /projects/b1045/rcs_support/wrf-cmaq/WRF_DIR/work_dir/WRFv451_CMAQv55/CCTM/scripts/WRFCMAQ-BASE_202301_D02-sw_feedback/CCTM_LTNGCOL_4.5.155_BASE_202301_D02_20230101.nc -v /projects/b1045/rcs_support/wrf-cmaq/WRF_DIR/work_dir/WRFv451_CMAQv55/CCTM/scripts/WRFCMAQ-BASE_202301_D02-sw_feedback/CCTM_VEXT_4.5.155_BASE_202301_D02_20230101.nc -v )
if ( 1 ) then
if ( N == Y || N == T ) then
endif
if ( 1 ) then
if ( N == Y || N == T ) then
endif
set OUT_FILES = `echo $OUT_FILES | sed "s; -v;;g" | sed "s;MPI:;;g" `
echo /projects/b1045/rcs_support/wrf-cmaq/WRF_DIR/work_dir/WRFv451_CMAQv55/CCTM/scripts/WRFCMAQ-BASE_202301_D02-sw_feedback/FLOOR_4.5.155_BASE_202301_D02_20230101.txt /projects/b1045/rcs_support/wrf-cmaq/WRF_DIR/work_dir/WRFv451_CMAQv55/CCTM/scripts/WRFCMAQ-BASE_202301_D02-sw_feedback/CCTM_CGRID_4.5.155_BASE_202301_D02_20230101.nc /projects/b1045/rcs_support/wrf-cmaq/WRF_DIR/work_dir/WRFv451_CMAQv55/CCTM/scripts/WRFCMAQ-BASE_202301_D02-sw_feedback/CCTM_CONC_4.5.155_BASE_202301_D02_20230101.nc -v /projects/b1045/rcs_support/wrf-cmaq/WRF_DIR/work_dir/WRFv451_CMAQv55/CCTM/scripts/WRFCMAQ-BASE_202301_D02-sw_feedback/CCTM_ACONC_4.5.155_BASE_202301_D02_20230101.nc -v /projects/b1045/rcs_support/wrf-cmaq/WRF_DIR/work_dir/WRFv451_CMAQv55/CCTM/scripts/WRFCMAQ-BASE_202301_D02-sw_feedback/CCTM_MEDIA_CONC_4.5.155_BASE_202301_D02_20230101.nc -v /projects/b1045/rcs_support/wrf-cmaq/WRF_DIR/work_dir/WRFv451_CMAQv55/CCTM/scripts/WRFCMAQ-BASE_202301_D02-sw_feedback/CCTM_DRYDEP_4.5.155_BASE_202301_D02_20230101.nc -v /projects/b1045/rcs_support/wrf-cmaq/WRF_DIR/work_dir/WRFv451_CMAQv55/CCTM/scripts/WRFCMAQ-BASE_202301_D02-sw_feedback/CCTM_DEPV_4.5.155_BASE_202301_D02_20230101.nc -v /projects/b1045/rcs_support/wrf-cmaq/WRF_DIR/work_dir/WRFv451_CMAQv55/CCTM/scripts/WRFCMAQ-BASE_202301_D02-sw_feedback/CCTM_B3GTS_S_4.5.155_BASE_202301_D02_20230101.nc -v /projects/b1045/rcs_support/wrf-cmaq/WRF_DIR/work_dir/WRFv451_CMAQv55/CCTM/scripts/WRFCMAQ-BASE_202301_D02-sw_feedback/CCTM_MSOILOUT_4.5.155_BASE_202301_D02_20230101.nc /projects/b1045/rcs_support/wrf-cmaq/WRF_DIR/work_dir/WRFv451_CMAQv55/CCTM/scripts/WRFCMAQ-BASE_202301_D02-sw_feedback/CCTM_BSOILOUT_4.5.155_BASE_202301_D02_20230101.nc /projects/b1045/rcs_support/wrf-cmaq/WRF_DIR/work_dir/WRFv451_CMAQv55/CCTM/scripts/WRFCMAQ-BASE_202301_D02-sw_feedback/CCTM_BDSNPOUT_4.5.155_BASE_202301_D02_20230101.nc /projects/b1045/rcs_support/wrf-cmaq/WRF_DIR/work_dir/WRFv451_CMAQv55/CCTM/scripts/WRFCMAQ-BASE_202301_D02-sw_feedback/CCTM_WETDEP1_4.5.155_BASE_202301_D02_20230101.nc -v /projecsed s;MPI:;;g
ts/b1045/rcs_support/wrf-cmaq/WRF_DIR/work_dir/WRFv451_CMAQv55/CCTM/scripts/WRFCMAQ-BASE_202301_D02-sw_feedback/CCTM_WETDEP2_4.5.155_BASE_202301_D02_20230101.nc -v /projects/b1045/rcs_support/wrf-cmaq/WRF_DIR/work_dir/WRFv451_CMAQv55/CCTM/scripts/WRFCMAQ-BASE_202301_D02-sw_feedback/CCTM_ELMO_4.5.155_BASE_202301_D02_20230101.nc -v /projects/b1045/rcs_support/wrf-cmaq/WRF_DIR/work_dir/WRFv451_CMAQv55/CCTM/scripts/WRFCMAQ-BASE_202301_D02-sw_feedback/CCTM_AELMO_4.5.155_BASE_202301_D02_20230101.nc -v /projects/b1045/rcs_support/wrf-cmaq/WRF_DIR/work_dir/WRFv451_CMAQv55/CCTM/scripts/WRFCMAQ-BASE_202301_D02-sw_feedback/CCTM_PHOTDIAG1_4.5.155_BASE_202301_D02_20230101.nc -v /projects/b1045/rcs_support/wrf-cmaq/WRF_DIR/work_dir/WRFv451_CMAQv55/CCTM/scripts/WRFCMAQ-BASE_202301_D02-sw_feedback/CCTM_PHOTDIAG2_4.5.155_BASE_202301_D02_20230101.nc -v /projects/b1045/rcs_support/wrf-cmaq/WRF_DIR/work_dir/WRFv451_CMAQv55/CCTM/scripts/WRFCMAQ-BASE_202301_D02-sw_feedback/CCTM_PHOTDIAG3_4.5.155_BASE_202301_D02_20230101.nc -v /projects/b1045/rcs_support/wrf-cmaq/WRF_DIR/work_dir/WRFv451_CMAQv55/CCTM/scripts/WRFCMAQ-BASE_202301_D02-sw_feedback/CCTM_SSEMIS_4.5.155_BASE_202301_D02_20230101.nc -v /projects/b1045/rcs_support/wrf-cmaq/WRF_DIR/work_dir/WRFv451_CMAQv55/CCTM/scripts/WRFCMAQ-BASE_202301_D02-sw_feedback/CCTM_DUSTEMIS_4.5.155_BASE_202301_D02_20230101.nc -v /projects/b1045/rcs_support/wrf-cmaq/WRF_DIR/work_dir/WRFv451_CMAQv55/CCTM/scripts/WRFCMAQ-BASE_202301_D02-sw_feedback/CCTM_PA_1_4.5.155_BASE_202301_D02_20230101.nc -v /projects/b1045/rcs_support/wrf-cmaq/WRF_DIR/work_dir/WRFv451_CMAQv55/CCTM/scripts/WRFCMAQ-BASE_202301_D02-sw_feedback/CCTM_PA_2_4.5.155_BASE_202301_D02_20230101.nc -v /projects/b1045/rcs_support/wrf-cmaq/WRF_DIR/work_dir/WRFv451_CMAQv55/CCTM/scripts/WRFCMAQ-BASE_202301_D02-sw_feedback/CCTM_PA_3_4.5.155_BASE_202301_D02_20230101.nc -v /projects/b1045/rcs_support/wrf-cmaq/WRF_DIR/work_dir/WRFv451_CMAQv55/CCTM/scripts/WRFCMAQ-BASE_202301_D02-sw_feedback/CCTM_BUDGET_4.5.155_BASE_202301_D02_20230101.txt -v /sed s; -v;;g
projects/b1045/rcs_support/wrf-cmaq/WRF_DIR/work_dir/WRFv451_CMAQv55/CCTM/scripts/WRFCMAQ-BASE_202301_D02-sw_feedback/CCTM_IRR_1_4.5.155_BASE_202301_D02_20230101.nc -v /projects/b1045/rcs_support/wrf-cmaq/WRF_DIR/work_dir/WRFv451_CMAQv55/CCTM/scripts/WRFCMAQ-BASE_202301_D02-sw_feedback/CCTM_IRR_2_4.5.155_BASE_202301_D02_20230101.nc -v /projects/b1045/rcs_support/wrf-cmaq/WRF_DIR/work_dir/WRFv451_CMAQv55/CCTM/scripts/WRFCMAQ-BASE_202301_D02-sw_feedback/CCTM_IRR_3_4.5.155_BASE_202301_D02_20230101.nc -v /projects/b1045/rcs_support/wrf-cmaq/WRF_DIR/work_dir/WRFv451_CMAQv55/CCTM/scripts/WRFCMAQ-BASE_202301_D02-sw_feedback/CCTM_DDMOS_4.5.155_BASE_202301_D02_20230101.nc -v /projects/b1045/rcs_support/wrf-cmaq/WRF_DIR/work_dir/WRFv451_CMAQv55/CCTM/scripts/WRFCMAQ-BASE_202301_D02-sw_feedback/CCTM_DEPVMOS_4.5.155_BASE_202301_D02_20230101.nc -v /projects/b1045/rcs_support/wrf-cmaq/WRF_DIR/work_dir/WRFv451_CMAQv55/CCTM/scripts/WRFCMAQ-BASE_202301_D02-sw_feedback/CCTM_VDIFF_DIAG_4.5.155_BASE_202301_D02_20230101.nc -v /projects/b1045/rcs_support/wrf-cmaq/WRF_DIR/work_dir/WRFv451_CMAQv55/CCTM/scripts/WRFCMAQ-BASE_202301_D02-sw_feedback/CCTM_VSED_DIAG_4.5.155_BASE_202301_D02_20230101.nc -v /projects/b1045/rcs_support/wrf-cmaq/WRF_DIR/work_dir/WRFv451_CMAQv55/CCTM/scripts/WRFCMAQ-BASE_202301_D02-sw_feedback/CCTM_LTNGHRLY_4.5.155_BASE_202301_D02_20230101.nc -v /projects/b1045/rcs_support/wrf-cmaq/WRF_DIR/work_dir/WRFv451_CMAQv55/CCTM/scripts/WRFCMAQ-BASE_202301_D02-sw_feedback/CCTM_LTNGCOL_4.5.155_BASE_202301_D02_20230101.nc -v /projects/b1045/rcs_support/wrf-cmaq/WRF_DIR/work_dir/WRFv451_CMAQv55/CCTM/scripts/WRFCMAQ-BASE_202301_D02-sw_feedback/CCTM_VEXT_4.5.155_BASE_202301_D02_20230101.nc -v
set out_test = `cat buff.txt`
cat buff.txt
rm -f buff.txt
if ( TRUE == true || TRUE == TRUE ) then
echo

echo Existing Logs and Output Files for Day 2023-01-01 Will Be Deleted
Existing Logs and Output Files for Day 2023-01-01 Will Be Deleted
foreach file ( )
foreach file ( )
/bin/rm: No match.
else
setenv CTM_STDATE 2023001
setenv CTM_STTIME 000000
setenv CTM_RUNLEN 240000
setenv CTM_TSTEP 010000
setenv INIT_CONC_1 /projects/b1045/rcs_support/wrf-cmaq/WRF_DIR/work_dir/WRFv451_CMAQv55/CCTM/scripts/WRFCMAQ-BASE_202301_D02-sw_feedback/CCTM_CGRID_4.5.155_BASE_202301_D02_20221231.nc
setenv BNDY_CONC_1 /projects/b1045/rcs_support/wrf-cmaq/WRF_DIR/work_dir/WRFv451_CMAQv55/data/202301_baseline_d02/icbc/BCON.20230101.4CHICAGOD2.base2023_rxeqemis.12US1CMAQ55.ncf
setenv OMI /projects/b1045/rcs_support/wrf-cmaq/WRF_DIR/work_dir/WRFv451_CMAQv55/CCTM/scripts/BLD_WRFrelease-v4.5.1_CCTM_v55_gcc_main/cmaq/OMI_1979_to_2019.dat
setenv MIE_TABLE /projects/b1045/rcs_support/wrf-cmaq/WRF_DIR/work_dir/WRFv451_CMAQv55/CCTM/scripts/WRFCMAQ-BASE_202301_D02-sw_feedback/mie_table_coeffs_gcc.txt
setenv OPTICS_DATA /projects/b1045/rcs_support/wrf-cmaq/WRF_DIR/work_dir/WRFv451_CMAQv55/CCTM/scripts/BLD_WRFrelease-v4.5.1_CCTM_v55_gcc_main/cmaq/PHOT_OPTICS.dat
set TR_DVpath = /projects/b1045/rcs_support/wrf-cmaq/WRF_DIR/work_dir/WRFv451_CMAQv55/data/202301_baseline_d02/met/wrfv4.5.1_inputs
set TR_DVfile = BUFFERED
setenv gc_matrix_nml /projects/b1045/rcs_support/wrf-cmaq/WRF_DIR/work_dir/WRFv451_CMAQv55/CCTM/scripts/BLD_WRFrelease-v4.5.1_CCTM_v55_gcc_main/cmaq/GC_cb6r3_ae7_aq.nml
setenv ae_matrix_nml /projects/b1045/rcs_support/wrf-cmaq/WRF_DIR/work_dir/WRFv451_CMAQv55/CCTM/scripts/BLD_WRFrelease-v4.5.1_CCTM_v55_gcc_main/cmaq/AE_cb6r3_ae7_aq.nml
setenv nr_matrix_nml /projects/b1045/rcs_support/wrf-cmaq/WRF_DIR/work_dir/WRFv451_CMAQv55/CCTM/scripts/BLD_WRFrelease-v4.5.1_CCTM_v55_gcc_main/cmaq/NR_cb6r3_ae7_aq.nml
setenv tr_matrix_nml /projects/b1045/rcs_support/wrf-cmaq/WRF_DIR/work_dir/WRFv451_CMAQv55/CCTM/scripts/BLD_WRFrelease-v4.5.1_CCTM_v55_gcc_main/cmaq/Species_Table_TR_0.nml
setenv CSQY_DATA /projects/b1045/rcs_support/wrf-cmaq/WRF_DIR/work_dir/WRFv451_CMAQv55/CCTM/scripts/BLD_WRFrelease-v4.5.1_CCTM_v55_gcc_main/cmaq/CSQY_DATA_cb6r3_ae7_aq
cd /projects/b1045/rcs_support/wrf-cmaq/WRF_DIR/work_dir/WRFv451_CMAQv55/CCTM/scripts/WRFCMAQ-BASE_202301_D02-sw_feedback
ln -s /projects/b1045/rcs_support/wrf-cmaq/WRF_DIR/work_dir/WRFv451_CMAQv55/CCTM/scripts/BLD_WRFrelease-v4.5.1_CCTM_v55_gcc_main/cmaq/GC_cb6r3_ae7_aq.nml gc_matrix_nml
ln: failed to create symbolic link 'gc_matrix_nml': File exists
ln -s /projects/b1045/rcs_support/wrf-cmaq/WRF_DIR/work_dir/WRFv451_CMAQv55/CCTM/scripts/BLD_WRFrelease-v4.5.1_CCTM_v55_gcc_main/cmaq/AE_cb6r3_ae7_aq.nml ae_matrix_nml
ln: failed to create symbolic link 'ae_matrix_nml': File exists
ln -s /projects/b1045/rcs_support/wrf-cmaq/WRF_DIR/work_dir/WRFv451_CMAQv55/CCTM/scripts/BLD_WRFrelease-v4.5.1_CCTM_v55_gcc_main/cmaq/NR_cb6r3_ae7_aq.nml nr_matrix_nml
ln: failed to create symbolic link 'nr_matrix_nml': File exists
ln -s /projects/b1045/rcs_support/wrf-cmaq/WRF_DIR/work_dir/WRFv451_CMAQv55/CCTM/scripts/BLD_WRFrelease-v4.5.1_CCTM_v55_gcc_main/cmaq/Species_Table_TR_0.nml tr_matrix_nml
ln: failed to create symbolic link 'tr_matrix_nml': File exists
if ( -f namelist.input ) rm -f namelist.input
rm -f namelist.input
date -ud 2023-01-01 +%Y
date -ud 2023-01-01 +%m
date -ud 2023-01-01 +%d
date -ud 00:00:00 +%H
date -ud 00:00:00 +%M
date -ud 00:00:00 +%S
cat
rm -f wrfbdy_d01 wrffdda_d02 wrfsfdda_d02 wrfinput_d02 wrflowinp_d02
ln -sf /projects/b1045/rcs_support/wrf-cmaq/WRF_DIR/work_dir/WRFv451_CMAQv55/data/202301_baseline_d02/met/wrfv4.5.1_inputs/wrfbdy_d02 wrfbdy_d01
ln -sf /projects/b1045/rcs_support/wrf-cmaq/WRF_DIR/work_dir/WRFv451_CMAQv55/data/202301_baseline_d02/met/wrfv4.5.1_inputs/wrffdda_d02 wrffdda_d02
ln -sf /projects/b1045/rcs_support/wrf-cmaq/WRF_DIR/work_dir/WRFv451_CMAQv55/data/202301_baseline_d02/met/wrfv4.5.1_inputs/wrfsfdda_d02 wrfsfdda_d02
if ( .true. == .false. ) then
if ( .true. == .TRUE. ) then
ln -sf /projects/b1045/rcs_support/wrf-cmaq/WRF_DIR/work_dir/WRFv451_CMAQv55/data/202301_baseline_d02/met/wrfv4.5.1_inputs/wrflowinp_d02 wrflowinp_d02
if ( -f wrf.exe ) rm -f wrf.exe
rm -f wrf.exe
if ( -f ETAMPNEW_DATA ) rm -f ETAMPNEW_DATA
rm -f ETAMPNEW_DATA
if ( -f GENPARM.TBL ) rm -f GENPARM.TBL
rm -f GENPARM.TBL
if ( -f landFilenames ) rm -f landFilenames
rm -f landFilenames
if ( -f LANDUSE.TBL ) rm -f LANDUSE.TBL
rm -f LANDUSE.TBL
if ( -f RRTM_DATA ) rm -f RRTM_DATA
rm -f RRTM_DATA
if ( -f SOILPARM.TBL ) rm -f SOILPARM.TBL
rm -f SOILPARM.TBL
if ( -f tr49t67 ) rm -f tr49t67
rm -f tr49t67
if ( -f tr49t85 ) rm -f tr49t85
rm -f tr49t85
if ( -f tr67t85 ) rm -f tr67t85
rm -f tr67t85
if ( -f VEGPARM.TBL ) rm -f VEGPARM.TBL
rm -f VEGPARM.TBL
ln -s /projects/b1045/rcs_support/wrf-cmaq/WRF_DIR/work_dir/WRFv451_CMAQv55/CCTM/scripts/BLD_WRFrelease-v4.5.1_CCTM_v55_gcc_main/main/wrf.exe wrf.exe
ln -s /projects/b1045/rcs_support/wrf-cmaq/WRF_DIR/work_dir/WRFv451_CMAQv55/CCTM/scripts/BLD_WRFrelease-v4.5.1_CCTM_v55_gcc_main/test/em_real/ETAMPNEW_DATA ETAMPNEW_DATA
ln -s /projects/b1045/rcs_support/wrf-cmaq/WRF_DIR/work_dir/WRFv451_CMAQv55/CCTM/scripts/BLD_WRFrelease-v4.5.1_CCTM_v55_gcc_main/test/em_real/GENPARM.TBL GENPARM.TBL
ln -s /projects/b1045/rcs_support/wrf-cmaq/WRF_DIR/work_dir/WRFv451_CMAQv55/CCTM/scripts/BLD_WRFrelease-v4.5.1_CCTM_v55_gcc_main/test/em_real/landFilenames landFilenames
ln -s /projects/b1045/rcs_support/wrf-cmaq/WRF_DIR/work_dir/WRFv451_CMAQv55/CCTM/scripts/BLD_WRFrelease-v4.5.1_CCTM_v55_gcc_main/test/em_real/LANDUSE.TBL LANDUSE.TBL
ln -s /projects/b1045/rcs_support/wrf-cmaq/WRF_DIR/work_dir/WRFv451_CMAQv55/CCTM/scripts/BLD_WRFrelease-v4.5.1_CCTM_v55_gcc_main/test/em_real/RRTM_DATA RRTM_DATA
ln -s /projects/b1045/rcs_support/wrf-cmaq/WRF_DIR/work_dir/WRFv451_CMAQv55/CCTM/scripts/BLD_WRFrelease-v4.5.1_CCTM_v55_gcc_main/test/em_real/RRTMG_SW_DATA RRTMG_SW_DATA
ln: failed to create symbolic link 'RRTMG_SW_DATA': File exists
ln -s /projects/b1045/rcs_support/wrf-cmaq/WRF_DIR/work_dir/WRFv451_CMAQv55/CCTM/scripts/BLD_WRFrelease-v4.5.1_CCTM_v55_gcc_main/test/em_real/RRTMG_LW_DATA RRTMG_LW_DATA
ln: failed to create symbolic link 'RRTMG_LW_DATA': File exists
ln -s /projects/b1045/rcs_support/wrf-cmaq/WRF_DIR/work_dir/WRFv451_CMAQv55/CCTM/scripts/BLD_WRFrelease-v4.5.1_CCTM_v55_gcc_main/test/em_real/SOILPARM.TBL SOILPARM.TBL
ln -s /projects/b1045/rcs_support/wrf-cmaq/WRF_DIR/work_dir/WRFv451_CMAQv55/CCTM/scripts/BLD_WRFrelease-v4.5.1_CCTM_v55_gcc_main/test/em_real/tr49t67 tr49t67
ln -s /projects/b1045/rcs_support/wrf-cmaq/WRF_DIR/work_dir/WRFv451_CMAQv55/CCTM/scripts/BLD_WRFrelease-v4.5.1_CCTM_v55_gcc_main/test/em_real/tr49t85 tr49t85
ln -s /projects/b1045/rcs_support/wrf-cmaq/WRF_DIR/work_dir/WRFv451_CMAQv55/CCTM/scripts/BLD_WRFrelease-v4.5.1_CCTM_v55_gcc_main/test/em_real/tr67t85 tr67t85
ln -s /projects/b1045/rcs_support/wrf-cmaq/WRF_DIR/work_dir/WRFv451_CMAQv55/CCTM/scripts/BLD_WRFrelease-v4.5.1_CCTM_v55_gcc_main/test/em_real/VEGPARM.TBL VEGPARM.TBL
ln -s /projects/b1045/rcs_support/wrf-cmaq/WRF_DIR/work_dir/WRFv451_CMAQv55/CCTM/scripts/BLD_WRFrelease-v4.5.1_CCTM_v55_gcc_main/test/em_real/ozone_plev.formatted ozone_plev.formatted
ln: failed to create symbolic link 'ozone_plev.formatted': File exists
ln -s /projects/b1045/rcs_support/wrf-cmaq/WRF_DIR/work_dir/WRFv451_CMAQv55/CCTM/scripts/BLD_WRFrelease-v4.5.1_CCTM_v55_gcc_main/test/em_real/ozone_lat.formatted ozone_lat.formatted
ln: failed to create symbolic link 'ozone_lat.formatted': File exists
ln -s /projects/b1045/rcs_support/wrf-cmaq/WRF_DIR/work_dir/WRFv451_CMAQv55/CCTM/scripts/BLD_WRFrelease-v4.5.1_CCTM_v55_gcc_main/test/em_real/ozone.formatted ozone.formatted
ln: failed to create symbolic link 'ozone.formatted': File exists
ln -s /projects/b1045/rcs_support/wrf-cmaq/WRF_DIR/work_dir/WRFv451_CMAQv55/CCTM/scripts/BLD_WRFrelease-v4.5.1_CCTM_v55_gcc_main/test/em_real/CAMtr_volume_mixing_ratio CAMtr_volume_mixing_ratio
ln: failed to create symbolic link 'CAMtr_volume_mixing_ratio': File exists
echo

echo CMAQ Processing of Day 20230101 Began at `date`
date
CMAQ Processing of Day 20230101 Began at Wed Mar  4 17:52:02 CST 2026
echo

ls -al /projects/b1045/rcs_support/wrf-cmaq/WRF_DIR/work_dir/WRFv451_CMAQv55/CCTM/scripts/WRFCMAQ-BASE_202301_D02-sw_feedback/wrf.exe
lrwxrwxrwx 1 vlx1618 b1045 135 Mar  4 17:52 /projects/b1045/rcs_support/wrf-cmaq/WRF_DIR/work_dir/WRFv451_CMAQv55/CCTM/scripts/WRFCMAQ-BASE_202301_D02-sw_feedback/wrf.exe -> /projects/b1045/rcs_support/wrf-cmaq/WRF_DIR/work_dir/WRFv451_CMAQv55/CCTM/scripts/BLD_WRFrelease-v4.5.1_CCTM_v55_gcc_main/main/wrf.exe
date
Wed Mar  4 17:52:02 CST 2026
mpirun -np 200 /projects/b1045/rcs_support/wrf-cmaq/WRF_DIR/work_dir/WRFv451_CMAQv55/CCTM/scripts/WRFCMAQ-BASE_202301_D02-sw_feedback/wrf.exe
 starting wrf task           36  of          200
 starting wrf task           34  of          200
 starting wrf task           35  of          200
 starting wrf task          148  of          200
 starting wrf task          125  of          200
 starting wrf task          178  of          200
 starting wrf task           99  of          200
 starting wrf task           38  of          200
 starting wrf task           75  of          200
 starting wrf task           96  of          200
 starting wrf task           37  of          200
 starting wrf task           76  of          200
 starting wrf task          120  of          200
 starting wrf task           39  of          200
 starting wrf task           43  of          200
 starting wrf task           77  of          200
 starting wrf task          182  of          200
 starting wrf task          128  of          200
 starting wrf task           51  of          200
 starting wrf task           78  of          200
 starting wrf task          188  of          200
 starting wrf task          130  of          200
 starting wrf task           55  of          200
 starting wrf task           79  of          200
 starting wrf task          196  of          200
 starting wrf task          101  of          200
 starting wrf task           57  of          200
 starting wrf task           82  of          200
 starting wrf task          144  of          200
 starting wrf task          103  of          200
 starting wrf task           58  of          200
 starting wrf task           83  of          200
 starting wrf task          157  of          200
 starting wrf task          108  of          200
 starting wrf task           63  of          200
 starting wrf task           87  of          200
 starting wrf task          158  of          200
 starting wrf task          113  of          200
 starting wrf task           64  of          200
 starting wrf task           89  of          200
 starting wrf task          161  of          200
 starting wrf task           65  of          200
 starting wrf task           88  of          200
 starting wrf task          163  of          200
 starting wrf task          118  of          200
 starting wrf task            6  of          200
 starting wrf task           10  of          200
 starting wrf task           13  of          200
 starting wrf task           15  of          200
 starting wrf task           16  of          200
 starting wrf task           17  of          200
 starting wrf task           30  of          200
 starting wrf task           32  of          200
 starting wrf task           67  of          200
 starting wrf task           90  of          200
 starting wrf task          174  of          200
 starting wrf task          119  of          200
 starting wrf task            0  of          200
 starting wrf task            1  of          200
 starting wrf task            2  of          200
 starting wrf task            3  of          200
 starting wrf task            5  of          200
 starting wrf task            8  of          200
 starting wrf task            9  of          200
 starting wrf task           11  of          200
 starting wrf task           12  of          200
 starting wrf task           14  of          200
 starting wrf task           18  of          200
 starting wrf task           19  of          200
 starting wrf task           20  of          200
 starting wrf task           21  of          200
 starting wrf task           25  of          200
 starting wrf task           26  of          200
 starting wrf task           27  of          200
 starting wrf task           29  of          200
 starting wrf task           31  of          200
 starting wrf task           69  of          200
 starting wrf task           91  of          200
 starting wrf task          179  of          200
 starting wrf task          121  of          200
 starting wrf task           24  of          200
 starting wrf task           28  of          200
 starting wrf task            4  of          200
 starting wrf task           33  of          200
 starting wrf task            7  of          200
 starting wrf task           22  of          200
 starting wrf task           23  of          200
 starting wrf task           70  of          200
 starting wrf task           80  of          200
 starting wrf task          190  of          200
 starting wrf task          131  of          200
 starting wrf task           45  of          200
 starting wrf task           81  of          200
 starting wrf task          193  of          200
 starting wrf task          133  of          200
 starting wrf task           46  of          200
 starting wrf task           84  of          200
 starting wrf task          194  of          200
 starting wrf task          132  of          200
 starting wrf task           47  of          200
 starting wrf task           85  of          200
 starting wrf task          198  of          200
 starting wrf task          137  of          200
 starting wrf task           48  of          200
 starting wrf task           86  of          200
 starting wrf task          146  of          200
 starting wrf task          142  of          200
 starting wrf task           49  of          200
 starting wrf task          149  of          200
 starting wrf task           93  of          200
 starting wrf task           50  of          200
 starting wrf task          150  of          200
 starting wrf task           95  of          200
 starting wrf task           52  of          200
 starting wrf task          155  of          200
 starting wrf task           98  of          200
 starting wrf task           53  of          200
 starting wrf task          156  of          200
 starting wrf task          111  of          200
 starting wrf task           54  of          200
 starting wrf task          164  of          200
 starting wrf task          114  of          200
 starting wrf task           56  of          200
 starting wrf task          165  of          200
 starting wrf task          124  of          200
 starting wrf task           59  of          200
 starting wrf task          167  of          200
 starting wrf task          129  of          200
 starting wrf task           60  of          200
 starting wrf task          168  of          200
 starting wrf task          136  of          200
 starting wrf task           61  of          200
 starting wrf task          172  of          200
 starting wrf task          139  of          200
 starting wrf task           62  of          200
 starting wrf task          195  of          200
 starting wrf task          141  of          200
 starting wrf task           66  of          200
 starting wrf task          197  of          200
 starting wrf task           92  of          200
 starting wrf task           71  of          200
 starting wrf task          145  of          200
 starting wrf task           94  of          200
 starting wrf task           72  of          200
 starting wrf task          147  of          200
 starting wrf task           97  of          200
 starting wrf task           73  of          200
 starting wrf task          199  of          200
 starting wrf task          104  of          200
 starting wrf task           40  of          200
 starting wrf task          151  of          200
 starting wrf task          105  of          200
 starting wrf task           41  of          200
 starting wrf task          152  of          200
 starting wrf task          107  of          200
 starting wrf task           42  of          200
 starting wrf task          153  of          200
 starting wrf task          110  of          200
 starting wrf task           74  of          200
 starting wrf task          154  of          200
 starting wrf task          115  of          200
 starting wrf task           44  of          200
 starting wrf task          159  of          200
 starting wrf task          117  of          200
 starting wrf task           68  of          200
 starting wrf task          160  of          200
 starting wrf task          127  of          200
 starting wrf task          162  of          200
 starting wrf task          134  of          200
 starting wrf task          166  of          200
 starting wrf task          106  of          200
 starting wrf task          169  of          200
 starting wrf task          109  of          200
 starting wrf task          170  of          200
 starting wrf task          112  of          200
 starting wrf task          171  of          200
 starting wrf task          116  of          200
 starting wrf task          173  of          200
 starting wrf task          122  of          200
 starting wrf task          175  of          200
 starting wrf task          123  of          200
 starting wrf task          176  of          200
 starting wrf task          143  of          200
 starting wrf task          180  of          200
 starting wrf task          126  of          200
 starting wrf task          181  of          200
 starting wrf task          135  of          200
 starting wrf task          183  of          200
 starting wrf task          138  of          200
 starting wrf task          184  of          200
 starting wrf task          140  of          200
 starting wrf task          185  of          200
 starting wrf task          100  of          200
 starting wrf task          186  of          200
 starting wrf task          102  of          200
 starting wrf task          187  of          200
 starting wrf task          189  of          200
 starting wrf task          191  of          200
 starting wrf task          192  of          200
 starting wrf task          177  of          200
1021.195u 251.728s 0:58.98 2158.2%	0+0k 48+16664io 72pf+0w
date
Wed Mar  4 17:53:01 CST 2026
if ( 3 > 1 ) then
if ( ! -e /projects/b1045/rcs_support/wrf-cmaq/WRF_DIR/work_dir/WRFv451_CMAQv55/CCTM/scripts/WRFCMAQ-BASE_202301_D02-sw_feedback/CCTM_CGRID_4.5.155_BASE_202301_D02_20230101.nc ) then
echo 

echo **************************************************************
**************************************************************
echo ** Runscript Detected an Error: CGRID file was not written. **
** Runscript Detected an Error: CGRID file was not written. **
echo **   This indicates that CMAQ was interrupted or an issue   **
**   This indicates that CMAQ was interrupted or an issue   **
echo **   exists with writing output. The runscript will now     **
**   exists with writing output. The runscript will now     **
echo **   abort rather than proceeding to subsequent days.       **
**   abort rather than proceeding to subsequent days.       **
echo **************************************************************
**************************************************************
break
set RTMTOT = 0
foreach it ( `seq ${NDAYS}` )
seq 1
set rt = `echo ${rtarray} | cut -d' ' -f${it}`
echo
cut -d  -f1
set RTMTOT = `echo "${RTMTOT} + ${rt}" | bc -l`
bc -l
echo 0 + 
(standard_in) 2: syntax error
end
set RTMAVG = `echo "scale=2; ${RTMTOT} / ${NDAYS}" | bc -l`
bc -l
echo scale=2;  / 1
(standard_in) 1: syntax error
set RTMTOT = `echo "scale=2; ${RTMTOT} / 1" | bc -l`
bc -l
echo scale=2;  / 1
(standard_in) 1: syntax error
echo

echo ==================================
==================================
echo   ***** CMAQ TIMING REPORT *****
  ***** CMAQ TIMING REPORT *****
echo ==================================
==================================
echo Start Day: 2023-01-01
Start Day: 2023-01-01
echo End Day:   2023-02-02
End Day:   2023-02-02
echo Number of Simulation Days: 1
Number of Simulation Days: 1
echo Domain Name:               ChicagoLADCO_d02
Domain Name:               ChicagoLADCO_d02
echo Number of Processes:       200
Number of Processes:       200
echo    All times are in seconds.
   All times are in seconds.
echo

echo Num  Day        Wall Time
Num  Day        Wall Time
set d = 0
set day = 2023-01-01
foreach it ( `seq ${NDAYS}` )
seq 1
set d = `echo "${d} + 1"  | bc -l`
bc -l
echo 0 + 1
set n = `printf "%02d" ${d}`
printf %02d 1
set rt = `echo ${rtarray} | cut -d' ' -f${it}`
cut -d  -f1
echo
echo 01   2023-01-01   
01   2023-01-01   
set day = `date -ud "${day}+1days" +%Y-%m-%d`
date -ud 2023-01-01+1days +%Y-%m-%d
end
echo      Total Time = 
     Total Time = 
echo       Avg. Time = 
      Avg. Time = 
exit
